# JRE version: OpenJDK Runtime Environment (8.0_152-b02) (build 1.8.0_152-release-1024-b02)
# Java VM: OpenJDK 64-Bit Server VM (25.152-b02 mixed mode windows-amd64 compressed oops)
Heap:
 PSYoungGen      total 277504K, used 81475K [0x00000000e0000000, 0x00000000f7b00000, 0x0000000100000000)
  eden space 250880K, 21% used [0x00000000e0000000,0x00000000e3596068,0x00000000ef500000)
  from space 26624K, 99% used [0x00000000ef500000,0x00000000f0efabd0,0x00000000f0f00000)
  to   space 40960K, 0% used [0x00000000f5300000,0x00000000f5300000,0x00000000f7b00000)
 ParOldGen       total 146944K, used 74035K [0x00000000a0000000, 0x00000000a8f80000, 0x00000000e0000000)
  object space 146944K, 50% used [0x00000000a0000000,0x00000000a484cfc8,0x00000000a8f80000)
 Metaspace       used 78146K, capacity 81381K, committed 81624K, reserved 1120256K
  class space    used 10060K, capacity 10711K, committed 10752K, reserved 1048576K
GC Heap History (10 events):
Event: 26.661 GC heap before
{Heap before GC invocations=14 (full 3):
 PSYoungGen      total 196096K, used 11581K [0x00000000e0000000, 0x00000000ef900000, 0x0000000100000000)
  eden space 176128K, 0% used [0x00000000e0000000,0x00000000e0000000,0x00000000eac00000)
  from space 19968K, 58% used [0x00000000eac00000,0x00000000eb74f778,0x00000000ebf80000)
  to   space 19456K, 0% used [0x00000000ee600000,0x00000000ee600000,0x00000000ef900000)
 ParOldGen       total 101888K, used 34351K [0x00000000a0000000, 0x00000000a6380000, 0x00000000e0000000)
  object space 101888K, 33% used [0x00000000a0000000,0x00000000a218bde8,0x00000000a6380000)
 Metaspace       used 56960K, capacity 58971K, committed 59028K, reserved 1099776K
  class space    used 7670K, capacity 8192K, committed 8192K, reserved 1048576K
Event: 26.927 GC heap after
Heap after GC invocations=14 (full 3):
 PSYoungGen      total 196096K, used 0K [0x00000000e0000000, 0x00000000ef900000, 0x0000000100000000)
  eden space 176128K, 0% used [0x00000000e0000000,0x00000000e0000000,0x00000000eac00000)
  from space 19968K, 0% used [0x00000000eac00000,0x00000000eac00000,0x00000000ebf80000)
  to   space 19456K, 0% used [0x00000000ee600000,0x00000000ee600000,0x00000000ef900000)
 ParOldGen       total 146944K, used 35123K [0x00000000a0000000, 0x00000000a8f80000, 0x00000000e0000000)
  object space 146944K, 23% used [0x00000000a0000000,0x00000000a224ce38,0x00000000a8f80000)
 Metaspace       used 56960K, capacity 58971K, committed 59028K, reserved 1099776K
  class space    used 7670K, capacity 8192K, committed 8192K, reserved 1048576K
}
Event: 36.130 GC heap before
{Heap before GC invocations=15 (full 3):
 PSYoungGen      total 196096K, used 176128K [0x00000000e0000000, 0x00000000ef900000, 0x0000000100000000)
  eden space 176128K, 100% used [0x00000000e0000000,0x00000000eac00000,0x00000000eac00000)
  from space 19968K, 0% used [0x00000000eac00000,0x00000000eac00000,0x00000000ebf80000)
  to   space 19456K, 0% used [0x00000000ee600000,0x00000000ee600000,0x00000000ef900000)
 ParOldGen       total 146944K, used 35123K [0x00000000a0000000, 0x00000000a8f80000, 0x00000000e0000000)
  object space 146944K, 23% used [0x00000000a0000000,0x00000000a224ce38,0x00000000a8f80000)
 Metaspace       used 60238K, capacity 62361K, committed 62552K, reserved 1103872K
  class space    used 8049K, capacity 8561K, committed 8576K, reserved 1048576K
Event: 36.180 GC heap after
Heap after GC invocations=15 (full 3):
 PSYoungGen      total 235008K, used 13801K [0x00000000e0000000, 0x00000000efa00000, 0x0000000100000000)
  eden space 215552K, 0% used [0x00000000e0000000,0x00000000e0000000,0x00000000ed280000)
  from space 19456K, 70% used [0x00000000ee600000,0x00000000ef37a718,0x00000000ef900000)
  to   space 19968K, 0% used [0x00000000ed280000,0x00000000ed280000,0x00000000ee600000)
 ParOldGen       total 146944K, used 35131K [0x00000000a0000000, 0x00000000a8f80000, 0x00000000e0000000)
  object space 146944K, 23% used [0x00000000a0000000,0x00000000a224ee38,0x00000000a8f80000)
 Metaspace       used 60238K, capacity 62361K, committed 62552K, reserved 1103872K
  class space    used 8049K, capacity 8561K, committed 8576K, reserved 1048576K
}
Event: 51.901 GC heap before
{Heap before GC invocations=16 (full 3):
 PSYoungGen      total 235008K, used 229353K [0x00000000e0000000, 0x00000000efa00000, 0x0000000100000000)
  eden space 215552K, 100% used [0x00000000e0000000,0x00000000ed280000,0x00000000ed280000)
  from space 19456K, 70% used [0x00000000ee600000,0x00000000ef37a718,0x00000000ef900000)
  to   space 19968K, 0% used [0x00000000ed280000,0x00000000ed280000,0x00000000ee600000)
 ParOldGen       total 146944K, used 35131K [0x00000000a0000000, 0x00000000a8f80000, 0x00000000e0000000)
  object space 146944K, 23% used [0x00000000a0000000,0x00000000a224ee38,0x00000000a8f80000)
 Metaspace       used 66597K, capacity 68863K, committed 68952K, reserved 1110016K
  class space    used 8771K, capacity 9312K, committed 9344K, reserved 1048576K
Event: 51.922 GC heap after
Heap after GC invocations=16 (full 3):
 PSYoungGen      total 235520K, used 14481K [0x00000000e0000000, 0x00000000f2300000, 0x0000000100000000)
  eden space 215552K, 0% used [0x00000000e0000000,0x00000000e0000000,0x00000000ed280000)
  from space 19968K, 72% used [0x00000000ed280000,0x00000000ee0a4568,0x00000000ee600000)
  to   space 20480K, 0% used [0x00000000f0f00000,0x00000000f0f00000,0x00000000f2300000)
 ParOldGen       total 146944K, used 35139K [0x00000000a0000000, 0x00000000a8f80000, 0x00000000e0000000)
  object space 146944K, 23% used [0x00000000a0000000,0x00000000a2250e38,0x00000000a8f80000)
 Metaspace       used 66597K, capacity 68863K, committed 68952K, reserved 1110016K
  class space    used 8771K, capacity 9312K, committed 9344K, reserved 1048576K
}
Event: 62.879 GC heap before
{Heap before GC invocations=17 (full 3):
 PSYoungGen      total 235520K, used 230033K [0x00000000e0000000, 0x00000000f2300000, 0x0000000100000000)
  eden space 215552K, 100% used [0x00000000e0000000,0x00000000ed280000,0x00000000ed280000)
  from space 19968K, 72% used [0x00000000ed280000,0x00000000ee0a4568,0x00000000ee600000)
  to   space 20480K, 0% used [0x00000000f0f00000,0x00000000f0f00000,0x00000000f2300000)
 ParOldGen       total 146944K, used 35139K [0x00000000a0000000, 0x00000000a8f80000, 0x00000000e0000000)
  object space 146944K, 23% used [0x00000000a0000000,0x00000000a2250e38,0x00000000a8f80000)
 Metaspace       used 75480K, capacity 78311K, committed 78552K, reserved 1118208K
  class space    used 9775K, capacity 10394K, committed 10496K, reserved 1048576K
Event: 62.929 GC heap after
Heap after GC invocations=17 (full 3):
 PSYoungGen      total 271360K, used 20452K [0x00000000e0000000, 0x00000000f2a80000, 0x0000000100000000)
  eden space 250880K, 0% used [0x00000000e0000000,0x00000000e0000000,0x00000000ef500000)
  from space 20480K, 99% used [0x00000000f0f00000,0x00000000f22f9310,0x00000000f2300000)
  to   space 26624K, 0% used [0x00000000ef500000,0x00000000ef500000,0x00000000f0f00000)
 ParOldGen       total 146944K, used 45281K [0x00000000a0000000, 0x00000000a8f80000, 0x00000000e0000000)
  object space 146944K, 30% used [0x00000000a0000000,0x00000000a2c38468,0x00000000a8f80000)
 Metaspace       used 75480K, capacity 78311K, committed 78552K, reserved 1118208K
  class space    used 9775K, capacity 10394K, committed 10496K, reserved 1048576K
}
Event: 66.658 GC heap before
{Heap before GC invocations=18 (full 3):
 PSYoungGen      total 271360K, used 271332K [0x00000000e0000000, 0x00000000f2a80000, 0x0000000100000000)
  eden space 250880K, 100% used [0x00000000e0000000,0x00000000ef500000,0x00000000ef500000)
  from space 20480K, 99% used [0x00000000f0f00000,0x00000000f22f9310,0x00000000f2300000)
  to   space 26624K, 0% used [0x00000000ef500000,0x00000000ef500000,0x00000000f0f00000)
 ParOldGen       total 146944K, used 45281K [0x00000000a0000000, 0x00000000a8f80000, 0x00000000e0000000)
  object space 146944K, 30% used [0x00000000a0000000,0x00000000a2c38468,0x00000000a8f80000)
 Metaspace       used 78000K, capacity 81233K, committed 81368K, reserved 1120256K
  class space    used 10057K, capacity 10709K, committed 10752K, reserved 1048576K
Event: 66.758 GC heap after
Heap after GC invocations=18 (full 3):
 PSYoungGen      total 277504K, used 26602K [0x00000000e0000000, 0x00000000f7b00000, 0x0000000100000000)
  eden space 250880K, 0% used [0x00000000e0000000,0x00000000e0000000,0x00000000ef500000)
  from space 26624K, 99% used [0x00000000ef500000,0x00000000f0efabd0,0x00000000f0f00000)
  to   space 40960K, 0% used [0x00000000f5300000,0x00000000f5300000,0x00000000f7b00000)
 ParOldGen       total 146944K, used 74035K [0x00000000a0000000, 0x00000000a8f80000, 0x00000000e0000000)
  object space 146944K, 50% used [0x00000000a0000000,0x00000000a484cfc8,0x00000000a8f80000)
 Metaspace       used 78000K, capacity 81233K, committed 81368K, reserved 1120256K
  class space    used 10057K, capacity 10709K, committed 10752K, reserved 1048576K
}

