# JRE version: OpenJDK Runtime Environment (8.0_152-b02) (build 1.8.0_152-release-1024-b02)
# Java VM: OpenJDK 64-Bit Server VM (25.152-b02 mixed mode windows-amd64 compressed oops)
Heap:
 PSYoungGen      total 165376K, used 72891K [0x00000000e0000000, 0x00000000f0780000, 0x0000000100000000)
  eden space 141312K, 34% used [0x00000000e0000000,0x00000000e2fb5e78,0x00000000e8a00000)
  from space 24064K, 99% used [0x00000000e8a00000,0x00000000ea179020,0x00000000ea180000)
  to   space 41472K, 0% used [0x00000000edf00000,0x00000000edf00000,0x00000000f0780000)
 ParOldGen       total 149504K, used 61575K [0x00000000a0000000, 0x00000000a9200000, 0x00000000e0000000)
  object space 149504K, 41% used [0x00000000a0000000,0x00000000a3c21e88,0x00000000a9200000)
 Metaspace       used 73680K, capacity 76354K, committed 76544K, reserved 1116160K
  class space    used 9540K, capacity 10147K, committed 10240K, reserved 1048576K
GC Heap History (10 events):
Event: 80.407 GC heap before
{Heap before GC invocations=18 (full 3):
 PSYoungGen      total 136704K, used 118272K [0x00000000e0000000, 0x00000000e9e00000, 0x0000000100000000)
  eden space 118272K, 100% used [0x00000000e0000000,0x00000000e7380000,0x00000000e7380000)
  from space 18432K, 0% used [0x00000000e8780000,0x00000000e8780000,0x00000000e9980000)
  to   space 20480K, 0% used [0x00000000e7380000,0x00000000e7380000,0x00000000e8780000)
 ParOldGen       total 149504K, used 34136K [0x00000000a0000000, 0x00000000a9200000, 0x00000000e0000000)
  object space 149504K, 22% used [0x00000000a0000000,0x00000000a2156148,0x00000000a9200000)
 Metaspace       used 60768K, capacity 63086K, committed 63232K, reserved 1103872K
  class space    used 8112K, capacity 8656K, committed 8704K, reserved 1048576K
Event: 80.429 GC heap after
Heap after GC invocations=18 (full 3):
 PSYoungGen      total 138752K, used 7820K [0x00000000e0000000, 0x00000000eb500000, 0x0000000100000000)
  eden space 118272K, 0% used [0x00000000e0000000,0x00000000e0000000,0x00000000e7380000)
  from space 20480K, 38% used [0x00000000e7380000,0x00000000e7b23380,0x00000000e8780000)
  to   space 19968K, 0% used [0x00000000ea180000,0x00000000ea180000,0x00000000eb500000)
 ParOldGen       total 149504K, used 34144K [0x00000000a0000000, 0x00000000a9200000, 0x00000000e0000000)
  object space 149504K, 22% used [0x00000000a0000000,0x00000000a2158148,0x00000000a9200000)
 Metaspace       used 60768K, capacity 63086K, committed 63232K, reserved 1103872K
  class space    used 8112K, capacity 8656K, committed 8704K, reserved 1048576K
}
Event: 84.934 GC heap before
{Heap before GC invocations=19 (full 3):
 PSYoungGen      total 138752K, used 126092K [0x00000000e0000000, 0x00000000eb500000, 0x0000000100000000)
  eden space 118272K, 100% used [0x00000000e0000000,0x00000000e7380000,0x00000000e7380000)
  from space 20480K, 38% used [0x00000000e7380000,0x00000000e7b23380,0x00000000e8780000)
  to   space 19968K, 0% used [0x00000000ea180000,0x00000000ea180000,0x00000000eb500000)
 ParOldGen       total 149504K, used 34144K [0x00000000a0000000, 0x00000000a9200000, 0x00000000e0000000)
  object space 149504K, 22% used [0x00000000a0000000,0x00000000a2158148,0x00000000a9200000)
 Metaspace       used 63968K, capacity 66260K, committed 66432K, reserved 1105920K
  class space    used 8491K, capacity 9020K, committed 9088K, reserved 1048576K
Event: 84.981 GC heap after
Heap after GC invocations=19 (full 3):
 PSYoungGen      total 161280K, used 19955K [0x00000000e0000000, 0x00000000ebd00000, 0x0000000100000000)
  eden space 141312K, 0% used [0x00000000e0000000,0x00000000e0000000,0x00000000e8a00000)
  from space 19968K, 99% used [0x00000000ea180000,0x00000000eb4fcf70,0x00000000eb500000)
  to   space 24064K, 0% used [0x00000000e8a00000,0x00000000e8a00000,0x00000000ea180000)
 ParOldGen       total 149504K, used 37828K [0x00000000a0000000, 0x00000000a9200000, 0x00000000e0000000)
  object space 149504K, 25% used [0x00000000a0000000,0x00000000a24f1230,0x00000000a9200000)
 Metaspace       used 63968K, capacity 66260K, committed 66432K, reserved 1105920K
  class space    used 8491K, capacity 9020K, committed 9088K, reserved 1048576K
}
Event: 126.514 GC heap before
{Heap before GC invocations=20 (full 3):
 PSYoungGen      total 161280K, used 161267K [0x00000000e0000000, 0x00000000ebd00000, 0x0000000100000000)
  eden space 141312K, 100% used [0x00000000e0000000,0x00000000e8a00000,0x00000000e8a00000)
  from space 19968K, 99% used [0x00000000ea180000,0x00000000eb4fcf70,0x00000000eb500000)
  to   space 24064K, 0% used [0x00000000e8a00000,0x00000000e8a00000,0x00000000ea180000)
 ParOldGen       total 149504K, used 37828K [0x00000000a0000000, 0x00000000a9200000, 0x00000000e0000000)
  object space 149504K, 25% used [0x00000000a0000000,0x00000000a24f1230,0x00000000a9200000)
 Metaspace       used 69856K, capacity 72326K, committed 72576K, reserved 1112064K
  class space    used 9191K, capacity 9761K, committed 9856K, reserved 1048576K
Event: 126.556 GC heap after
Heap after GC invocations=20 (full 3):
 PSYoungGen      total 165376K, used 24032K [0x00000000e0000000, 0x00000000ed600000, 0x0000000100000000)
  eden space 141312K, 0% used [0x00000000e0000000,0x00000000e0000000,0x00000000e8a00000)
  from space 24064K, 99% used [0x00000000e8a00000,0x00000000ea178070,0x00000000ea180000)
  to   space 29696K, 0% used [0x00000000eb900000,0x00000000eb900000,0x00000000ed600000)
 ParOldGen       total 149504K, used 44038K [0x00000000a0000000, 0x00000000a9200000, 0x00000000e0000000)
  object space 149504K, 29% used [0x00000000a0000000,0x00000000a2b01878,0x00000000a9200000)
 Metaspace       used 69856K, capacity 72326K, committed 72576K, reserved 1112064K
  class space    used 9191K, capacity 9761K, committed 9856K, reserved 1048576K
}
Event: 134.537 GC heap before
{Heap before GC invocations=21 (full 3):
 PSYoungGen      total 165376K, used 165344K [0x00000000e0000000, 0x00000000ed600000, 0x0000000100000000)
  eden space 141312K, 100% used [0x00000000e0000000,0x00000000e8a00000,0x00000000e8a00000)
  from space 24064K, 99% used [0x00000000e8a00000,0x00000000ea178070,0x00000000ea180000)
  to   space 29696K, 0% used [0x00000000eb900000,0x00000000eb900000,0x00000000ed600000)
 ParOldGen       total 149504K, used 44038K [0x00000000a0000000, 0x00000000a9200000, 0x00000000e0000000)
  object space 149504K, 29% used [0x00000000a0000000,0x00000000a2b01878,0x00000000a9200000)
 Metaspace       used 72924K, capacity 75510K, committed 75648K, reserved 1114112K
  class space    used 9441K, capacity 10037K, committed 10112K, reserved 1048576K
Event: 134.639 GC heap after
Heap after GC invocations=21 (full 3):
 PSYoungGen      total 171008K, used 29675K [0x00000000e0000000, 0x00000000ed600000, 0x0000000100000000)
  eden space 141312K, 0% used [0x00000000e0000000,0x00000000e0000000,0x00000000e8a00000)
  from space 29696K, 99% used [0x00000000eb900000,0x00000000ed5faf88,0x00000000ed600000)
  to   space 24064K, 0% used [0x00000000e8a00000,0x00000000e8a00000,0x00000000ea180000)
 ParOldGen       total 149504K, used 55888K [0x00000000a0000000, 0x00000000a9200000, 0x00000000e0000000)
  object space 149504K, 37% used [0x00000000a0000000,0x00000000a3694198,0x00000000a9200000)
 Metaspace       used 72924K, capacity 75510K, committed 75648K, reserved 1114112K
  class space    used 9441K, capacity 10037K, committed 10112K, reserved 1048576K
}
Event: 134.776 GC heap before
{Heap before GC invocations=22 (full 3):
 PSYoungGen      total 171008K, used 170673K [0x00000000e0000000, 0x00000000ed600000, 0x0000000100000000)
  eden space 141312K, 99% used [0x00000000e0000000,0x00000000e89b17e8,0x00000000e8a00000)
  from space 29696K, 99% used [0x00000000eb900000,0x00000000ed5faf88,0x00000000ed600000)
  to   space 24064K, 0% used [0x00000000e8a00000,0x00000000e8a00000,0x00000000ea180000)
 ParOldGen       total 149504K, used 55888K [0x00000000a0000000, 0x00000000a9200000, 0x00000000e0000000)
  object space 149504K, 37% used [0x00000000a0000000,0x00000000a3694198,0x00000000a9200000)
 Metaspace       used 72978K, capacity 75546K, committed 75648K, reserved 1114112K
  class space    used 9450K, capacity 10047K, committed 10112K, reserved 1048576K
Event: 134.816 GC heap after
Heap after GC invocations=22 (full 3):
 PSYoungGen      total 165376K, used 24036K [0x00000000e0000000, 0x00000000f0780000, 0x0000000100000000)
  eden space 141312K, 0% used [0x00000000e0000000,0x00000000e0000000,0x00000000e8a00000)
  from space 24064K, 99% used [0x00000000e8a00000,0x00000000ea179020,0x00000000ea180000)
  to   space 41472K, 0% used [0x00000000edf00000,0x00000000edf00000,0x00000000f0780000)
 ParOldGen       total 149504K, used 61575K [0x00000000a0000000, 0x00000000a9200000, 0x00000000e0000000)
  object space 149504K, 41% used [0x00000000a0000000,0x00000000a3c21e88,0x00000000a9200000)
 Metaspace       used 72978K, capacity 75546K, committed 75648K, reserved 1114112K
  class space    used 9450K, capacity 10047K, committed 10112K, reserved 1048576K
}

