# JRE version: OpenJDK Runtime Environment (8.0_152-b06) (build 1.8.0_152-release-1136-b06)
# Java VM: OpenJDK 64-Bit Server VM (25.152-b06 mixed mode windows-amd64 compressed oops)
Heap:
 PSYoungGen      total 78336K, used 50419K [0x00000000e0000000, 0x00000000e6e00000, 0x0000000100000000)
  eden space 67072K, 75% used [0x00000000e0000000,0x00000000e313cd00,0x00000000e4180000)
  from space 11264K, 0% used [0x00000000e4180000,0x00000000e4180000,0x00000000e4c80000)
  to   space 12288K, 0% used [0x00000000e6200000,0x00000000e6200000,0x00000000e6e00000)
 ParOldGen       total 101376K, used 17395K [0x00000000a0000000, 0x00000000a6300000, 0x00000000e0000000)
  object space 101376K, 17% used [0x00000000a0000000,0x00000000a10fcc98,0x00000000a6300000)
 Metaspace       used 37867K, capacity 38732K, committed 38872K, reserved 1083392K
  class space    used 5224K, capacity 5529K, committed 5632K, reserved 1048576K
GC Heap History (10 events):
Event: 33.637 GC heap before
{Heap before GC invocations=7 (full 1):
 PSYoungGen      total 38400K, used 33280K [0x00000000e0000000, 0x00000000e5500000, 0x0000000100000000)
  eden space 33280K, 100% used [0x00000000e0000000,0x00000000e2080000,0x00000000e2080000)
  from space 5120K, 0% used [0x00000000e2080000,0x00000000e2080000,0x00000000e2580000)
  to   space 10240K, 0% used [0x00000000e4b00000,0x00000000e4b00000,0x00000000e5500000)
 ParOldGen       total 64000K, used 8235K [0x00000000a0000000, 0x00000000a3e80000, 0x00000000e0000000)
  object space 64000K, 12% used [0x00000000a0000000,0x00000000a080afc0,0x00000000a3e80000)
 Metaspace       used 23817K, capacity 24328K, committed 24576K, reserved 1071104K
  class space    used 3284K, capacity 3463K, committed 3584K, reserved 1048576K
Event: 33.665 GC heap after
Heap after GC invocations=7 (full 1):
 PSYoungGen      total 51712K, used 3490K [0x00000000e0000000, 0x00000000e4e80000, 0x0000000100000000)
  eden space 48128K, 0% used [0x00000000e0000000,0x00000000e0000000,0x00000000e2f00000)
  from space 3584K, 97% used [0x00000000e4b00000,0x00000000e4e68b38,0x00000000e4e80000)
  to   space 10240K, 0% used [0x00000000e3a80000,0x00000000e3a80000,0x00000000e4480000)
 ParOldGen       total 64000K, used 8243K [0x00000000a0000000, 0x00000000a3e80000, 0x00000000e0000000)
  object space 64000K, 12% used [0x00000000a0000000,0x00000000a080cfc0,0x00000000a3e80000)
 Metaspace       used 23817K, capacity 24328K, committed 24576K, reserved 1071104K
  class space    used 3284K, capacity 3463K, committed 3584K, reserved 1048576K
}
Event: 39.772 GC heap before
{Heap before GC invocations=8 (full 1):
 PSYoungGen      total 51712K, used 51618K [0x00000000e0000000, 0x00000000e4e80000, 0x0000000100000000)
  eden space 48128K, 100% used [0x00000000e0000000,0x00000000e2f00000,0x00000000e2f00000)
  from space 3584K, 97% used [0x00000000e4b00000,0x00000000e4e68b38,0x00000000e4e80000)
  to   space 10240K, 0% used [0x00000000e3a80000,0x00000000e3a80000,0x00000000e4480000)
 ParOldGen       total 64000K, used 8243K [0x00000000a0000000, 0x00000000a3e80000, 0x00000000e0000000)
  object space 64000K, 12% used [0x00000000a0000000,0x00000000a080cfc0,0x00000000a3e80000)
 Metaspace       used 27330K, capacity 27884K, committed 28032K, reserved 1073152K
  class space    used 3740K, capacity 3914K, committed 3968K, reserved 1048576K
Event: 39.822 GC heap after
Heap after GC invocations=8 (full 1):
 PSYoungGen      total 70144K, used 6261K [0x00000000e0000000, 0x00000000e5600000, 0x0000000100000000)
  eden space 59904K, 0% used [0x00000000e0000000,0x00000000e0000000,0x00000000e3a80000)
  from space 10240K, 61% used [0x00000000e3a80000,0x00000000e409d730,0x00000000e4480000)
  to   space 9728K, 0% used [0x00000000e4c80000,0x00000000e4c80000,0x00000000e5600000)
 ParOldGen       total 64000K, used 8251K [0x00000000a0000000, 0x00000000a3e80000, 0x00000000e0000000)
  object space 64000K, 12% used [0x00000000a0000000,0x00000000a080efc0,0x00000000a3e80000)
 Metaspace       used 27330K, capacity 27884K, committed 28032K, reserved 1073152K
  class space    used 3740K, capacity 3914K, committed 3968K, reserved 1048576K
}
Event: 45.899 GC heap before
{Heap before GC invocations=9 (full 1):
 PSYoungGen      total 70144K, used 66165K [0x00000000e0000000, 0x00000000e5600000, 0x0000000100000000)
  eden space 59904K, 100% used [0x00000000e0000000,0x00000000e3a80000,0x00000000e3a80000)
  from space 10240K, 61% used [0x00000000e3a80000,0x00000000e409d730,0x00000000e4480000)
  to   space 9728K, 0% used [0x00000000e4c80000,0x00000000e4c80000,0x00000000e5600000)
 ParOldGen       total 64000K, used 8251K [0x00000000a0000000, 0x00000000a3e80000, 0x00000000e0000000)
  object space 64000K, 12% used [0x00000000a0000000,0x00000000a080efc0,0x00000000a3e80000)
 Metaspace       used 30744K, capacity 31344K, committed 31488K, reserved 1077248K
  class space    used 4314K, capacity 4513K, committed 4608K, reserved 1048576K
Event: 45.971 GC heap after
Heap after GC invocations=9 (full 1):
 PSYoungGen      total 76800K, used 9699K [0x00000000e0000000, 0x00000000e6a00000, 0x0000000100000000)
  eden space 67072K, 0% used [0x00000000e0000000,0x00000000e0000000,0x00000000e4180000)
  from space 9728K, 99% used [0x00000000e4c80000,0x00000000e55f8e98,0x00000000e5600000)
  to   space 11264K, 0% used [0x00000000e4180000,0x00000000e4180000,0x00000000e4c80000)
 ParOldGen       total 64000K, used 8406K [0x00000000a0000000, 0x00000000a3e80000, 0x00000000e0000000)
  object space 64000K, 13% used [0x00000000a0000000,0x00000000a0835a40,0x00000000a3e80000)
 Metaspace       used 30744K, capacity 31344K, committed 31488K, reserved 1077248K
  class space    used 4314K, capacity 4513K, committed 4608K, reserved 1048576K
}
Event: 50.122 GC heap before
{Heap before GC invocations=10 (full 1):
 PSYoungGen      total 76800K, used 46402K [0x00000000e0000000, 0x00000000e6a00000, 0x0000000100000000)
  eden space 67072K, 54% used [0x00000000e0000000,0x00000000e23d7978,0x00000000e4180000)
  from space 9728K, 99% used [0x00000000e4c80000,0x00000000e55f8e98,0x00000000e5600000)
  to   space 11264K, 0% used [0x00000000e4180000,0x00000000e4180000,0x00000000e4c80000)
 ParOldGen       total 64000K, used 8406K [0x00000000a0000000, 0x00000000a3e80000, 0x00000000e0000000)
  object space 64000K, 13% used [0x00000000a0000000,0x00000000a0835a40,0x00000000a3e80000)
 Metaspace       used 34491K, capacity 35348K, committed 35416K, reserved 1079296K
  class space    used 4852K, capacity 5189K, committed 5248K, reserved 1048576K
Event: 50.236 GC heap after
Heap after GC invocations=10 (full 1):
 PSYoungGen      total 78336K, used 10927K [0x00000000e0000000, 0x00000000e6e00000, 0x0000000100000000)
  eden space 67072K, 0% used [0x00000000e0000000,0x00000000e0000000,0x00000000e4180000)
  from space 11264K, 97% used [0x00000000e4180000,0x00000000e4c2bd20,0x00000000e4c80000)
  to   space 12288K, 0% used [0x00000000e6200000,0x00000000e6200000,0x00000000e6e00000)
 ParOldGen       total 64000K, used 8414K [0x00000000a0000000, 0x00000000a3e80000, 0x00000000e0000000)
  object space 64000K, 13% used [0x00000000a0000000,0x00000000a0837a40,0x00000000a3e80000)
 Metaspace       used 34491K, capacity 35348K, committed 35416K, reserved 1079296K
  class space    used 4852K, capacity 5189K, committed 5248K, reserved 1048576K
}
Event: 50.237 GC heap before
{Heap before GC invocations=11 (full 2):
 PSYoungGen      total 78336K, used 10927K [0x00000000e0000000, 0x00000000e6e00000, 0x0000000100000000)
  eden space 67072K, 0% used [0x00000000e0000000,0x00000000e0000000,0x00000000e4180000)
  from space 11264K, 97% used [0x00000000e4180000,0x00000000e4c2bd20,0x00000000e4c80000)
  to   space 12288K, 0% used [0x00000000e6200000,0x00000000e6200000,0x00000000e6e00000)
 ParOldGen       total 64000K, used 8414K [0x00000000a0000000, 0x00000000a3e80000, 0x00000000e0000000)
  object space 64000K, 13% used [0x00000000a0000000,0x00000000a0837a40,0x00000000a3e80000)
 Metaspace       used 34491K, capacity 35348K, committed 35416K, reserved 1079296K
  class space    used 4852K, capacity 5189K, committed 5248K, reserved 1048576K
Event: 50.709 GC heap after
Heap after GC invocations=11 (full 2):
 PSYoungGen      total 78336K, used 0K [0x00000000e0000000, 0x00000000e6e00000, 0x0000000100000000)
  eden space 67072K, 0% used [0x00000000e0000000,0x00000000e0000000,0x00000000e4180000)
  from space 11264K, 0% used [0x00000000e4180000,0x00000000e4180000,0x00000000e4c80000)
  to   space 12288K, 0% used [0x00000000e6200000,0x00000000e6200000,0x00000000e6e00000)
 ParOldGen       total 101376K, used 17395K [0x00000000a0000000, 0x00000000a6300000, 0x00000000e0000000)
  object space 101376K, 17% used [0x00000000a0000000,0x00000000a10fcc98,0x00000000a6300000)
 Metaspace       used 34491K, capacity 35348K, committed 35416K, reserved 1079296K
  class space    used 4852K, capacity 5189K, committed 5248K, reserved 1048576K
}

