# JRE version: OpenJDK Runtime Environment (8.0_152-b06) (build 1.8.0_152-release-1136-b06)
# Java VM: OpenJDK 64-Bit Server VM (25.152-b06 mixed mode windows-amd64 compressed oops)
Heap:
 PSYoungGen      total 457216K, used 346167K [0x00000000e0000000, 0x00000000ffb00000, 0x0000000100000000)
  eden space 397312K, 87% used [0x00000000e0000000,0x00000000f51c0b68,0x00000000f8400000)
  from space 59904K, 0% used [0x00000000fc080000,0x00000000fc0cd0b0,0x00000000ffb00000)
  to   space 60928K, 0% used [0x00000000f8400000,0x00000000f8400000,0x00000000fbf80000)
 ParOldGen       total 229376K, used 64360K [0x00000000a0000000, 0x00000000ae000000, 0x00000000e0000000)
  object space 229376K, 28% used [0x00000000a0000000,0x00000000a3eda1d0,0x00000000ae000000)
 Metaspace       used 71098K, capacity 73576K, committed 73728K, reserved 1114112K
  class space    used 9275K, capacity 9879K, committed 9984K, reserved 1048576K
GC Heap History (10 events):
Event: 55.338 GC heap before
{Heap before GC invocations=18 (full 3):
 PSYoungGen      total 280576K, used 280554K [0x00000000e0000000, 0x00000000f8900000, 0x0000000100000000)
  eden space 246272K, 100% used [0x00000000e0000000,0x00000000ef080000,0x00000000ef080000)
  from space 34304K, 99% used [0x00000000f2880000,0x00000000f49faa58,0x00000000f4a00000)
  to   space 57344K, 0% used [0x00000000ef080000,0x00000000ef080000,0x00000000f2880000)
 ParOldGen       total 149504K, used 110651K [0x00000000a0000000, 0x00000000a9200000, 0x00000000e0000000)
  object space 149504K, 74% used [0x00000000a0000000,0x00000000a6c0ee68,0x00000000a9200000)
 Metaspace       used 69729K, capacity 71856K, committed 72192K, reserved 1112064K
  class space    used 9054K, capacity 9645K, committed 9728K, reserved 1048576K
Event: 55.458 GC heap after
Heap after GC invocations=18 (full 3):
 PSYoungGen      total 303616K, used 48725K [0x00000000e0000000, 0x00000000fa700000, 0x0000000100000000)
  eden space 246272K, 0% used [0x00000000e0000000,0x00000000e0000000,0x00000000ef080000)
  from space 57344K, 84% used [0x00000000ef080000,0x00000000f2015548,0x00000000f2880000)
  to   space 63488K, 0% used [0x00000000f6900000,0x00000000f6900000,0x00000000fa700000)
 ParOldGen       total 149504K, used 141426K [0x00000000a0000000, 0x00000000a9200000, 0x00000000e0000000)
  object space 149504K, 94% used [0x00000000a0000000,0x00000000a8a1c868,0x00000000a9200000)
 Metaspace       used 69729K, capacity 71856K, committed 72192K, reserved 1112064K
  class space    used 9054K, capacity 9645K, committed 9728K, reserved 1048576K
}
Event: 55.458 GC heap before
{Heap before GC invocations=19 (full 4):
 PSYoungGen      total 303616K, used 48725K [0x00000000e0000000, 0x00000000fa700000, 0x0000000100000000)
  eden space 246272K, 0% used [0x00000000e0000000,0x00000000e0000000,0x00000000ef080000)
  from space 57344K, 84% used [0x00000000ef080000,0x00000000f2015548,0x00000000f2880000)
  to   space 63488K, 0% used [0x00000000f6900000,0x00000000f6900000,0x00000000fa700000)
 ParOldGen       total 149504K, used 141426K [0x00000000a0000000, 0x00000000a9200000, 0x00000000e0000000)
  object space 149504K, 94% used [0x00000000a0000000,0x00000000a8a1c868,0x00000000a9200000)
 Metaspace       used 69729K, capacity 71856K, committed 72192K, reserved 1112064K
  class space    used 9054K, capacity 9645K, committed 9728K, reserved 1048576K
Event: 55.711 GC heap after
Heap after GC invocations=19 (full 4):
 PSYoungGen      total 303616K, used 0K [0x00000000e0000000, 0x00000000fa700000, 0x0000000100000000)
  eden space 246272K, 0% used [0x00000000e0000000,0x00000000e0000000,0x00000000ef080000)
  from space 57344K, 0% used [0x00000000ef080000,0x00000000ef080000,0x00000000f2880000)
  to   space 63488K, 0% used [0x00000000f6900000,0x00000000f6900000,0x00000000fa700000)
 ParOldGen       total 229376K, used 61724K [0x00000000a0000000, 0x00000000ae000000, 0x00000000e0000000)
  object space 229376K, 26% used [0x00000000a0000000,0x00000000a3c47150,0x00000000ae000000)
 Metaspace       used 68810K, capacity 70910K, committed 72192K, reserved 1112064K
  class space    used 8966K, capacity 9540K, committed 9728K, reserved 1048576K
}
Event: 56.509 GC heap before
{Heap before GC invocations=20 (full 4):
 PSYoungGen      total 303616K, used 245413K [0x00000000e0000000, 0x00000000fa700000, 0x0000000100000000)
  eden space 246272K, 99% used [0x00000000e0000000,0x00000000eefa94d0,0x00000000ef080000)
  from space 57344K, 0% used [0x00000000ef080000,0x00000000ef080000,0x00000000f2880000)
  to   space 63488K, 0% used [0x00000000f6900000,0x00000000f6900000,0x00000000fa700000)
 ParOldGen       total 229376K, used 61724K [0x00000000a0000000, 0x00000000ae000000, 0x00000000e0000000)
  object space 229376K, 26% used [0x00000000a0000000,0x00000000a3c47150,0x00000000ae000000)
 Metaspace       used 69954K, capacity 72228K, committed 72576K, reserved 1112064K
  class space    used 9124K, capacity 9735K, committed 9856K, reserved 1048576K
Event: 56.522 GC heap after
Heap after GC invocations=20 (full 4):
 PSYoungGen      total 370688K, used 8889K [0x00000000e0000000, 0x00000000fa980000, 0x0000000100000000)
  eden space 307200K, 0% used [0x00000000e0000000,0x00000000e0000000,0x00000000f2c00000)
  from space 63488K, 14% used [0x00000000f6900000,0x00000000f71ae628,0x00000000fa700000)
  to   space 62464K, 0% used [0x00000000f2c00000,0x00000000f2c00000,0x00000000f6900000)
 ParOldGen       total 229376K, used 61732K [0x00000000a0000000, 0x00000000ae000000, 0x00000000e0000000)
  object space 229376K, 26% used [0x00000000a0000000,0x00000000a3c49150,0x00000000ae000000)
 Metaspace       used 69954K, capacity 72228K, committed 72576K, reserved 1112064K
  class space    used 9124K, capacity 9735K, committed 9856K, reserved 1048576K
}
Event: 56.566 GC heap before
{Heap before GC invocations=21 (full 4):
 PSYoungGen      total 370688K, used 315748K [0x00000000e0000000, 0x00000000fa980000, 0x0000000100000000)
  eden space 307200K, 99% used [0x00000000e0000000,0x00000000f2baac98,0x00000000f2c00000)
  from space 63488K, 14% used [0x00000000f6900000,0x00000000f71ae628,0x00000000fa700000)
  to   space 62464K, 0% used [0x00000000f2c00000,0x00000000f2c00000,0x00000000f6900000)
 ParOldGen       total 229376K, used 61732K [0x00000000a0000000, 0x00000000ae000000, 0x00000000e0000000)
  object space 229376K, 26% used [0x00000000a0000000,0x00000000a3c49150,0x00000000ae000000)
 Metaspace       used 69959K, capacity 72292K, committed 72576K, reserved 1112064K
  class space    used 9124K, capacity 9735K, committed 9856K, reserved 1048576K
Event: 56.580 GC heap after
Heap after GC invocations=21 (full 4):
 PSYoungGen      total 369664K, used 7540K [0x00000000e0000000, 0x00000000ffc00000, 0x0000000100000000)
  eden space 307200K, 0% used [0x00000000e0000000,0x00000000e0000000,0x00000000f2c00000)
  from space 62464K, 12% used [0x00000000f2c00000,0x00000000f335d0f0,0x00000000f6900000)
  to   space 60928K, 0% used [0x00000000fc080000,0x00000000fc080000,0x00000000ffc00000)
 ParOldGen       total 229376K, used 61740K [0x00000000a0000000, 0x00000000ae000000, 0x00000000e0000000)
  object space 229376K, 26% used [0x00000000a0000000,0x00000000a3c4b150,0x00000000ae000000)
 Metaspace       used 69959K, capacity 72292K, committed 72576K, reserved 1112064K
  class space    used 9124K, capacity 9735K, committed 9856K, reserved 1048576K
}
Event: 56.760 GC heap before
{Heap before GC invocations=22 (full 4):
 PSYoungGen      total 369664K, used 314740K [0x00000000e0000000, 0x00000000ffc00000, 0x0000000100000000)
  eden space 307200K, 100% used [0x00000000e0000000,0x00000000f2c00000,0x00000000f2c00000)
  from space 62464K, 12% used [0x00000000f2c00000,0x00000000f335d0f0,0x00000000f6900000)
  to   space 60928K, 0% used [0x00000000fc080000,0x00000000fc080000,0x00000000ffc00000)
 ParOldGen       total 229376K, used 61740K [0x00000000a0000000, 0x00000000ae000000, 0x00000000e0000000)
  object space 229376K, 26% used [0x00000000a0000000,0x00000000a3c4b150,0x00000000ae000000)
 Metaspace       used 70180K, capacity 72482K, committed 72832K, reserved 1112064K
  class space    used 9157K, capacity 9746K, committed 9856K, reserved 1048576K
Event: 56.765 GC heap after
Heap after GC invocations=22 (full 4):
 PSYoungGen      total 457216K, used 308K [0x00000000e0000000, 0x00000000ffb00000, 0x0000000100000000)
  eden space 397312K, 0% used [0x00000000e0000000,0x00000000e0000000,0x00000000f8400000)
  from space 59904K, 0% used [0x00000000fc080000,0x00000000fc0cd0b0,0x00000000ffb00000)
  to   space 60928K, 0% used [0x00000000f8400000,0x00000000f8400000,0x00000000fbf80000)
 ParOldGen       total 229376K, used 64360K [0x00000000a0000000, 0x00000000ae000000, 0x00000000e0000000)
  object space 229376K, 28% used [0x00000000a0000000,0x00000000a3eda1d0,0x00000000ae000000)
 Metaspace       used 70180K, capacity 72482K, committed 72832K, reserved 1112064K
  class space    used 9157K, capacity 9746K, committed 9856K, reserved 1048576K
}

