# JRE version: OpenJDK Runtime Environment (8.0_152-b06) (build 1.8.0_152-release-1136-b06)
# Java VM: OpenJDK 64-Bit Server VM (25.152-b06 mixed mode windows-amd64 compressed oops)
Heap:
 PSYoungGen      total 111104K, used 9700K [0x00000000e0000000, 0x00000000e9300000, 0x0000000100000000)
  eden space 101376K, 0% used [0x00000000e0000000,0x00000000e0000000,0x00000000e6300000)
  from space 9728K, 99% used [0x00000000e8000000,0x00000000e8979248,0x00000000e8980000)
  to   space 7168K, 0% used [0x00000000e8c00000,0x00000000e8c00000,0x00000000e9300000)
 ParOldGen       total 60928K, used 11813K [0x00000000a0000000, 0x00000000a3b80000, 0x00000000e0000000)
  object space 60928K, 19% used [0x00000000a0000000,0x00000000a0b89478,0x00000000a3b80000)
 Metaspace       used 34691K, capacity 35378K, committed 35416K, reserved 1079296K
  class space    used 4818K, capacity 5089K, committed 5120K, reserved 1048576K
GC Heap History (10 events):
Event: 3.878 GC heap after
Heap after GC invocations=4 (full 0):
 PSYoungGen      total 71680K, used 5088K [0x00000000e0000000, 0x00000000e4b00000, 0x0000000100000000)
  eden space 66560K, 0% used [0x00000000e0000000,0x00000000e0000000,0x00000000e4100000)
  from space 5120K, 99% used [0x00000000e4600000,0x00000000e4af8020,0x00000000e4b00000)
  to   space 5120K, 0% used [0x00000000e4100000,0x00000000e4100000,0x00000000e4600000)
 ParOldGen       total 87552K, used 5326K [0x00000000a0000000, 0x00000000a5580000, 0x00000000e0000000)
  object space 87552K, 6% used [0x00000000a0000000,0x00000000a0533898,0x00000000a5580000)
 Metaspace       used 17365K, capacity 17750K, committed 17792K, reserved 1064960K
  class space    used 2511K, capacity 2655K, committed 2688K, reserved 1048576K
}
Event: 4.297 GC heap before
{Heap before GC invocations=5 (full 0):
 PSYoungGen      total 71680K, used 23047K [0x00000000e0000000, 0x00000000e4b00000, 0x0000000100000000)
  eden space 66560K, 26% used [0x00000000e0000000,0x00000000e1189ec8,0x00000000e4100000)
  from space 5120K, 99% used [0x00000000e4600000,0x00000000e4af8020,0x00000000e4b00000)
  to   space 5120K, 0% used [0x00000000e4100000,0x00000000e4100000,0x00000000e4600000)
 ParOldGen       total 87552K, used 5326K [0x00000000a0000000, 0x00000000a5580000, 0x00000000e0000000)
  object space 87552K, 6% used [0x00000000a0000000,0x00000000a0533898,0x00000000a5580000)
 Metaspace       used 20843K, capacity 21244K, committed 21248K, reserved 1067008K
  class space    used 2926K, capacity 3072K, committed 3072K, reserved 1048576K
Event: 4.317 GC heap after
Heap after GC invocations=5 (full 0):
 PSYoungGen      total 71680K, used 5108K [0x00000000e0000000, 0x00000000e9600000, 0x0000000100000000)
  eden space 66560K, 0% used [0x00000000e0000000,0x00000000e0000000,0x00000000e4100000)
  from space 5120K, 99% used [0x00000000e4100000,0x00000000e45fd040,0x00000000e4600000)
  to   space 10240K, 0% used [0x00000000e8c00000,0x00000000e8c00000,0x00000000e9600000)
 ParOldGen       total 87552K, used 8193K [0x00000000a0000000, 0x00000000a5580000, 0x00000000e0000000)
  object space 87552K, 9% used [0x00000000a0000000,0x00000000a08007b8,0x00000000a5580000)
 Metaspace       used 20843K, capacity 21244K, committed 21248K, reserved 1067008K
  class space    used 2926K, capacity 3072K, committed 3072K, reserved 1048576K
}
Event: 4.317 GC heap before
{Heap before GC invocations=6 (full 1):
 PSYoungGen      total 71680K, used 5108K [0x00000000e0000000, 0x00000000e9600000, 0x0000000100000000)
  eden space 66560K, 0% used [0x00000000e0000000,0x00000000e0000000,0x00000000e4100000)
  from space 5120K, 99% used [0x00000000e4100000,0x00000000e45fd040,0x00000000e4600000)
  to   space 10240K, 0% used [0x00000000e8c00000,0x00000000e8c00000,0x00000000e9600000)
 ParOldGen       total 87552K, used 8193K [0x00000000a0000000, 0x00000000a5580000, 0x00000000e0000000)
  object space 87552K, 9% used [0x00000000a0000000,0x00000000a08007b8,0x00000000a5580000)
 Metaspace       used 20843K, capacity 21244K, committed 21248K, reserved 1067008K
  class space    used 2926K, capacity 3072K, committed 3072K, reserved 1048576K
Event: 4.391 GC heap after
Heap after GC invocations=6 (full 1):
 PSYoungGen      total 71680K, used 0K [0x00000000e0000000, 0x00000000e9600000, 0x0000000100000000)
  eden space 66560K, 0% used [0x00000000e0000000,0x00000000e0000000,0x00000000e4100000)
  from space 5120K, 0% used [0x00000000e4100000,0x00000000e4100000,0x00000000e4600000)
  to   space 10240K, 0% used [0x00000000e8c00000,0x00000000e8c00000,0x00000000e9600000)
 ParOldGen       total 60928K, used 8214K [0x00000000a0000000, 0x00000000a3b80000, 0x00000000e0000000)
  object space 60928K, 13% used [0x00000000a0000000,0x00000000a08058b0,0x00000000a3b80000)
 Metaspace       used 20843K, capacity 21244K, committed 21248K, reserved 1067008K
  class space    used 2926K, capacity 3072K, committed 3072K, reserved 1048576K
}
Event: 5.839 GC heap before
{Heap before GC invocations=7 (full 1):
 PSYoungGen      total 71680K, used 66560K [0x00000000e0000000, 0x00000000e9600000, 0x0000000100000000)
  eden space 66560K, 100% used [0x00000000e0000000,0x00000000e4100000,0x00000000e4100000)
  from space 5120K, 0% used [0x00000000e4100000,0x00000000e4100000,0x00000000e4600000)
  to   space 10240K, 0% used [0x00000000e8c00000,0x00000000e8c00000,0x00000000e9600000)
 ParOldGen       total 60928K, used 8214K [0x00000000a0000000, 0x00000000a3b80000, 0x00000000e0000000)
  object space 60928K, 13% used [0x00000000a0000000,0x00000000a08058b0,0x00000000a3b80000)
 Metaspace       used 26650K, capacity 27126K, committed 27392K, reserved 1073152K
  class space    used 3672K, capacity 3829K, committed 3840K, reserved 1048576K
Event: 5.851 GC heap after
Heap after GC invocations=7 (full 1):
 PSYoungGen      total 108544K, used 7068K [0x00000000e0000000, 0x00000000e9300000, 0x0000000100000000)
  eden space 101376K, 0% used [0x00000000e0000000,0x00000000e0000000,0x00000000e6300000)
  from space 7168K, 98% used [0x00000000e8c00000,0x00000000e92e72c0,0x00000000e9300000)
  to   space 9728K, 0% used [0x00000000e8000000,0x00000000e8000000,0x00000000e8980000)
 ParOldGen       total 60928K, used 8222K [0x00000000a0000000, 0x00000000a3b80000, 0x00000000e0000000)
  object space 60928K, 13% used [0x00000000a0000000,0x00000000a08078b0,0x00000000a3b80000)
 Metaspace       used 26650K, capacity 27126K, committed 27392K, reserved 1073152K
  class space    used 3672K, capacity 3829K, committed 3840K, reserved 1048576K
}
Event: 8.097 GC heap before
{Heap before GC invocations=8 (full 1):
 PSYoungGen      total 108544K, used 107980K [0x00000000e0000000, 0x00000000e9300000, 0x0000000100000000)
  eden space 101376K, 99% used [0x00000000e0000000,0x00000000e628c0e0,0x00000000e6300000)
  from space 7168K, 98% used [0x00000000e8c00000,0x00000000e92e72c0,0x00000000e9300000)
  to   space 9728K, 0% used [0x00000000e8000000,0x00000000e8000000,0x00000000e8980000)
 ParOldGen       total 60928K, used 8222K [0x00000000a0000000, 0x00000000a3b80000, 0x00000000e0000000)
  object space 60928K, 13% used [0x00000000a0000000,0x00000000a08078b0,0x00000000a3b80000)
 Metaspace       used 34691K, capacity 35378K, committed 35416K, reserved 1079296K
  class space    used 4818K, capacity 5089K, committed 5120K, reserved 1048576K
Event: 8.154 GC heap after
Heap after GC invocations=8 (full 1):
 PSYoungGen      total 111104K, used 9700K [0x00000000e0000000, 0x00000000e9300000, 0x0000000100000000)
  eden space 101376K, 0% used [0x00000000e0000000,0x00000000e0000000,0x00000000e6300000)
  from space 9728K, 99% used [0x00000000e8000000,0x00000000e8979248,0x00000000e8980000)
  to   space 7168K, 0% used [0x00000000e8c00000,0x00000000e8c00000,0x00000000e9300000)
 ParOldGen       total 60928K, used 11813K [0x00000000a0000000, 0x00000000a3b80000, 0x00000000e0000000)
  object space 60928K, 19% used [0x00000000a0000000,0x00000000a0b89478,0x00000000a3b80000)
 Metaspace       used 34691K, capacity 35378K, committed 35416K, reserved 1079296K
  class space    used 4818K, capacity 5089K, committed 5120K, reserved 1048576K
}
Event: 8.154 GC heap before
{Heap before GC invocations=9 (full 2):
 PSYoungGen      total 111104K, used 9700K [0x00000000e0000000, 0x00000000e9300000, 0x0000000100000000)
  eden space 101376K, 0% used [0x00000000e0000000,0x00000000e0000000,0x00000000e6300000)
  from space 9728K, 99% used [0x00000000e8000000,0x00000000e8979248,0x00000000e8980000)
  to   space 7168K, 0% used [0x00000000e8c00000,0x00000000e8c00000,0x00000000e9300000)
 ParOldGen       total 60928K, used 11813K [0x00000000a0000000, 0x00000000a3b80000, 0x00000000e0000000)
  object space 60928K, 19% used [0x00000000a0000000,0x00000000a0b89478,0x00000000a3b80000)
 Metaspace       used 34691K, capacity 35378K, committed 35416K, reserved 1079296K
  class space    used 4818K, capacity 5089K, committed 5120K, reserved 1048576K

