# JRE version: OpenJDK Runtime Environment (8.0_152-b06) (build 1.8.0_152-release-1136-b06)
# Java VM: OpenJDK 64-Bit Server VM (25.152-b06 mixed mode windows-amd64 compressed oops)
Heap:
 PSYoungGen      total 102400K, used 92160K [0x00000000e0000000, 0x00000000e7200000, 0x0000000100000000)
  eden space 92160K, 100% used [0x00000000e0000000,0x00000000e5a00000,0x00000000e5a00000)
  from space 10240K, 0% used [0x00000000e6500000,0x00000000e6500000,0x00000000e6f00000)
  to   space 11264K, 0% used [0x00000000e5a00000,0x00000000e5a00000,0x00000000e6500000)
 ParOldGen       total 60416K, used 16602K [0x00000000a0000000, 0x00000000a3b00000, 0x00000000e0000000)
  object space 60416K, 27% used [0x00000000a0000000,0x00000000a1036bd8,0x00000000a3b00000)
 Metaspace       used 40567K, capacity 41400K, committed 41728K, reserved 1085440K
  class space    used 5489K, capacity 5764K, committed 5888K, reserved 1048576K
GC Heap History (10 events):
Event: 3.659 GC heap before
{Heap before GC invocations=6 (full 1):
 PSYoungGen      total 71680K, used 5108K [0x00000000e0000000, 0x00000000e4b00000, 0x0000000100000000)
  eden space 66560K, 0% used [0x00000000e0000000,0x00000000e0000000,0x00000000e4100000)
  from space 5120K, 99% used [0x00000000e4100000,0x00000000e45fd060,0x00000000e4600000)
  to   space 5120K, 0% used [0x00000000e4600000,0x00000000e4600000,0x00000000e4b00000)
 ParOldGen       total 87552K, used 8135K [0x00000000a0000000, 0x00000000a5580000, 0x00000000e0000000)
  object space 87552K, 9% used [0x00000000a0000000,0x00000000a07f1eb0,0x00000000a5580000)
 Metaspace       used 20845K, capacity 21244K, committed 21248K, reserved 1067008K
  class space    used 2924K, capacity 3072K, committed 3072K, reserved 1048576K
Event: 3.721 GC heap after
Heap after GC invocations=6 (full 1):
 PSYoungGen      total 71680K, used 0K [0x00000000e0000000, 0x00000000e4b00000, 0x0000000100000000)
  eden space 66560K, 0% used [0x00000000e0000000,0x00000000e0000000,0x00000000e4100000)
  from space 5120K, 0% used [0x00000000e4100000,0x00000000e4100000,0x00000000e4600000)
  to   space 5120K, 0% used [0x00000000e4600000,0x00000000e4600000,0x00000000e4b00000)
 ParOldGen       total 60416K, used 8162K [0x00000000a0000000, 0x00000000a3b00000, 0x00000000e0000000)
  object space 60416K, 13% used [0x00000000a0000000,0x00000000a07f8968,0x00000000a3b00000)
 Metaspace       used 20845K, capacity 21244K, committed 21248K, reserved 1067008K
  class space    used 2924K, capacity 3072K, committed 3072K, reserved 1048576K
}
Event: 4.965 GC heap before
{Heap before GC invocations=7 (full 1):
 PSYoungGen      total 71680K, used 66560K [0x00000000e0000000, 0x00000000e4b00000, 0x0000000100000000)
  eden space 66560K, 100% used [0x00000000e0000000,0x00000000e4100000,0x00000000e4100000)
  from space 5120K, 0% used [0x00000000e4100000,0x00000000e4100000,0x00000000e4600000)
  to   space 5120K, 0% used [0x00000000e4600000,0x00000000e4600000,0x00000000e4b00000)
 ParOldGen       total 60416K, used 8162K [0x00000000a0000000, 0x00000000a3b00000, 0x00000000e0000000)
  object space 60416K, 13% used [0x00000000a0000000,0x00000000a07f8968,0x00000000a3b00000)
 Metaspace       used 26597K, capacity 27126K, committed 27392K, reserved 1073152K
  class space    used 3661K, capacity 3829K, committed 3840K, reserved 1048576K
Event: 4.976 GC heap after
Heap after GC invocations=7 (full 1):
 PSYoungGen      total 67072K, used 5104K [0x00000000e0000000, 0x00000000e7680000, 0x0000000100000000)
  eden space 61952K, 0% used [0x00000000e0000000,0x00000000e0000000,0x00000000e3c80000)
  from space 5120K, 99% used [0x00000000e4600000,0x00000000e4afc080,0x00000000e4b00000)
  to   space 9728K, 0% used [0x00000000e3c80000,0x00000000e3c80000,0x00000000e4600000)
 ParOldGen       total 60416K, used 10163K [0x00000000a0000000, 0x00000000a3b00000, 0x00000000e0000000)
  object space 60416K, 16% used [0x00000000a0000000,0x00000000a09ecf60,0x00000000a3b00000)
 Metaspace       used 26597K, capacity 27126K, committed 27392K, reserved 1073152K
  class space    used 3661K, capacity 3829K, committed 3840K, reserved 1048576K
}
Event: 6.136 GC heap before
{Heap before GC invocations=8 (full 1):
 PSYoungGen      total 67072K, used 67056K [0x00000000e0000000, 0x00000000e7680000, 0x0000000100000000)
  eden space 61952K, 100% used [0x00000000e0000000,0x00000000e3c80000,0x00000000e3c80000)
  from space 5120K, 99% used [0x00000000e4600000,0x00000000e4afc080,0x00000000e4b00000)
  to   space 9728K, 0% used [0x00000000e3c80000,0x00000000e3c80000,0x00000000e4600000)
 ParOldGen       total 60416K, used 10163K [0x00000000a0000000, 0x00000000a3b00000, 0x00000000e0000000)
  object space 60416K, 16% used [0x00000000a0000000,0x00000000a09ecf60,0x00000000a3b00000)
 Metaspace       used 29787K, capacity 30184K, committed 30464K, reserved 1075200K
  class space    used 4159K, capacity 4315K, committed 4352K, reserved 1048576K
Event: 6.147 GC heap after
Heap after GC invocations=8 (full 1):
 PSYoungGen      total 71680K, used 8190K [0x00000000e0000000, 0x00000000e6f00000, 0x0000000100000000)
  eden space 61952K, 0% used [0x00000000e0000000,0x00000000e0000000,0x00000000e3c80000)
  from space 9728K, 84% used [0x00000000e3c80000,0x00000000e447fb58,0x00000000e4600000)
  to   space 10240K, 0% used [0x00000000e6500000,0x00000000e6500000,0x00000000e6f00000)
 ParOldGen       total 60416K, used 10171K [0x00000000a0000000, 0x00000000a3b00000, 0x00000000e0000000)
  object space 60416K, 16% used [0x00000000a0000000,0x00000000a09eef60,0x00000000a3b00000)
 Metaspace       used 29787K, capacity 30184K, committed 30464K, reserved 1075200K
  class space    used 4159K, capacity 4315K, committed 4352K, reserved 1048576K
}
Event: 6.969 GC heap before
{Heap before GC invocations=9 (full 1):
 PSYoungGen      total 71680K, used 47540K [0x00000000e0000000, 0x00000000e6f00000, 0x0000000100000000)
  eden space 61952K, 63% used [0x00000000e0000000,0x00000000e266d5b8,0x00000000e3c80000)
  from space 9728K, 84% used [0x00000000e3c80000,0x00000000e447fb58,0x00000000e4600000)
  to   space 10240K, 0% used [0x00000000e6500000,0x00000000e6500000,0x00000000e6f00000)
 ParOldGen       total 60416K, used 10171K [0x00000000a0000000, 0x00000000a3b00000, 0x00000000e0000000)
  object space 60416K, 16% used [0x00000000a0000000,0x00000000a09eef60,0x00000000a3b00000)
 Metaspace       used 34678K, capacity 35378K, committed 35416K, reserved 1079296K
  class space    used 4820K, capacity 5089K, committed 5120K, reserved 1048576K
Event: 6.987 GC heap after
Heap after GC invocations=9 (full 1):
 PSYoungGen      total 102400K, used 10118K [0x00000000e0000000, 0x00000000e7200000, 0x0000000100000000)
  eden space 92160K, 0% used [0x00000000e0000000,0x00000000e0000000,0x00000000e5a00000)
  from space 10240K, 98% used [0x00000000e6500000,0x00000000e6ee1918,0x00000000e6f00000)
  to   space 11264K, 0% used [0x00000000e5a00000,0x00000000e5a00000,0x00000000e6500000)
 ParOldGen       total 60416K, used 10179K [0x00000000a0000000, 0x00000000a3b00000, 0x00000000e0000000)
  object space 60416K, 16% used [0x00000000a0000000,0x00000000a09f0f60,0x00000000a3b00000)
 Metaspace       used 34678K, capacity 35378K, committed 35416K, reserved 1079296K
  class space    used 4820K, capacity 5089K, committed 5120K, reserved 1048576K
}
Event: 6.987 GC heap before
{Heap before GC invocations=10 (full 2):
 PSYoungGen      total 102400K, used 10118K [0x00000000e0000000, 0x00000000e7200000, 0x0000000100000000)
  eden space 92160K, 0% used [0x00000000e0000000,0x00000000e0000000,0x00000000e5a00000)
  from space 10240K, 98% used [0x00000000e6500000,0x00000000e6ee1918,0x00000000e6f00000)
  to   space 11264K, 0% used [0x00000000e5a00000,0x00000000e5a00000,0x00000000e6500000)
 ParOldGen       total 60416K, used 10179K [0x00000000a0000000, 0x00000000a3b00000, 0x00000000e0000000)
  object space 60416K, 16% used [0x00000000a0000000,0x00000000a09f0f60,0x00000000a3b00000)
 Metaspace       used 34678K, capacity 35378K, committed 35416K, reserved 1079296K
  class space    used 4820K, capacity 5089K, committed 5120K, reserved 1048576K
Event: 7.119 GC heap after
Heap after GC invocations=10 (full 2):
 PSYoungGen      total 102400K, used 0K [0x00000000e0000000, 0x00000000e7200000, 0x0000000100000000)
  eden space 92160K, 0% used [0x00000000e0000000,0x00000000e0000000,0x00000000e5a00000)
  from space 10240K, 0% used [0x00000000e6500000,0x00000000e6500000,0x00000000e6f00000)
  to   space 11264K, 0% used [0x00000000e5a00000,0x00000000e5a00000,0x00000000e6500000)
 ParOldGen       total 60416K, used 16602K [0x00000000a0000000, 0x00000000a3b00000, 0x00000000e0000000)
  object space 60416K, 27% used [0x00000000a0000000,0x00000000a1036bd8,0x00000000a3b00000)
 Metaspace       used 34678K, capacity 35378K, committed 35416K, reserved 1079296K
  class space    used 4820K, capacity 5089K, committed 5120K, reserved 1048576K
}

