# JRE version: OpenJDK Runtime Environment (8.0_152-b06) (build 1.8.0_152-release-1136-b06)
# Java VM: OpenJDK 64-Bit Server VM (25.152-b06 mixed mode windows-amd64 compressed oops)
Heap:
 PSYoungGen      total 388096K, used 293621K [0x00000000e0000000, 0x00000000fe400000, 0x0000000100000000)
  eden space 316928K, 90% used [0x00000000e0000000,0x00000000f18be048,0x00000000f3580000)
  from space 71168K, 8% used [0x00000000f8700000,0x00000000f8cff780,0x00000000fcc80000)
  to   space 83456K, 0% used [0x00000000f3580000,0x00000000f3580000,0x00000000f8700000)
 ParOldGen       total 253440K, used 193380K [0x00000000a0000000, 0x00000000af780000, 0x00000000e0000000)
  object space 253440K, 76% used [0x00000000a0000000,0x00000000abcd91b0,0x00000000af780000)
 Metaspace       used 88540K, capacity 91806K, committed 92032K, reserved 1130496K
  class space    used 11122K, capacity 11826K, committed 11904K, reserved 1048576K
GC Heap History (10 events):
Event: 6058.163 GC heap before
{Heap before GC invocations=20 (full 4):
 PSYoungGen      total 262656K, used 6624K [0x00000000e0000000, 0x00000000fa480000, 0x0000000100000000)
  eden space 256000K, 0% used [0x00000000e0000000,0x00000000e0000000,0x00000000efa00000)
  from space 6656K, 99% used [0x00000000f3380000,0x00000000f39f8020,0x00000000f3a00000)
  to   space 58880K, 0% used [0x00000000efa00000,0x00000000efa00000,0x00000000f3380000)
 ParOldGen       total 137728K, used 122139K [0x00000000a0000000, 0x00000000a8680000, 0x00000000e0000000)
  object space 137728K, 88% used [0x00000000a0000000,0x00000000a7746f80,0x00000000a8680000)
 Metaspace       used 74542K, capacity 76964K, committed 77184K, reserved 1116160K
  class space    used 9608K, capacity 10260K, committed 10368K, reserved 1048576K
Event: 6058.956 GC heap after
Heap after GC invocations=20 (full 4):
 PSYoungGen      total 262656K, used 0K [0x00000000e0000000, 0x00000000fa480000, 0x0000000100000000)
  eden space 256000K, 0% used [0x00000000e0000000,0x00000000e0000000,0x00000000efa00000)
  from space 6656K, 0% used [0x00000000f3380000,0x00000000f3380000,0x00000000f3a00000)
  to   space 58880K, 0% used [0x00000000efa00000,0x00000000efa00000,0x00000000f3380000)
 ParOldGen       total 253440K, used 108662K [0x00000000a0000000, 0x00000000af780000, 0x00000000e0000000)
  object space 253440K, 42% used [0x00000000a0000000,0x00000000a6a1db30,0x00000000af780000)
 Metaspace       used 73750K, capacity 75746K, committed 77184K, reserved 1116160K
  class space    used 9458K, capacity 9992K, committed 10368K, reserved 1048576K
}
Event: 6068.322 GC heap before
{Heap before GC invocations=21 (full 4):
 PSYoungGen      total 262656K, used 256000K [0x00000000e0000000, 0x00000000fa480000, 0x0000000100000000)
  eden space 256000K, 100% used [0x00000000e0000000,0x00000000efa00000,0x00000000efa00000)
  from space 6656K, 0% used [0x00000000f3380000,0x00000000f3380000,0x00000000f3a00000)
  to   space 58880K, 0% used [0x00000000efa00000,0x00000000efa00000,0x00000000f3380000)
 ParOldGen       total 253440K, used 108662K [0x00000000a0000000, 0x00000000af780000, 0x00000000e0000000)
  object space 253440K, 42% used [0x00000000a0000000,0x00000000a6a1db30,0x00000000af780000)
 Metaspace       used 75362K, capacity 77314K, committed 78464K, reserved 1118208K
  class space    used 9554K, capacity 10088K, committed 10368K, reserved 1048576K
Event: 6068.440 GC heap after
Heap after GC invocations=21 (full 4):
 PSYoungGen      total 314880K, used 58868K [0x00000000e0000000, 0x00000000fcc80000, 0x0000000100000000)
  eden space 256000K, 0% used [0x00000000e0000000,0x00000000e0000000,0x00000000efa00000)
  from space 58880K, 99% used [0x00000000efa00000,0x00000000f337d170,0x00000000f3380000)
  to   space 71168K, 0% used [0x00000000f8700000,0x00000000f8700000,0x00000000fcc80000)
 ParOldGen       total 253440K, used 115153K [0x00000000a0000000, 0x00000000af780000, 0x00000000e0000000)
  object space 253440K, 45% used [0x00000000a0000000,0x00000000a7074728,0x00000000af780000)
 Metaspace       used 75362K, capacity 77314K, committed 78464K, reserved 1118208K
  class space    used 9554K, capacity 10088K, committed 10368K, reserved 1048576K
}
Event: 6074.055 GC heap before
{Heap before GC invocations=22 (full 4):
 PSYoungGen      total 314880K, used 314656K [0x00000000e0000000, 0x00000000fcc80000, 0x0000000100000000)
  eden space 256000K, 99% used [0x00000000e0000000,0x00000000ef9cafc0,0x00000000efa00000)
  from space 58880K, 99% used [0x00000000efa00000,0x00000000f337d170,0x00000000f3380000)
  to   space 71168K, 0% used [0x00000000f8700000,0x00000000f8700000,0x00000000fcc80000)
 ParOldGen       total 253440K, used 115153K [0x00000000a0000000, 0x00000000af780000, 0x00000000e0000000)
  object space 253440K, 45% used [0x00000000a0000000,0x00000000a7074728,0x00000000af780000)
 Metaspace       used 76610K, capacity 78690K, committed 79616K, reserved 1118208K
  class space    used 9719K, capacity 10250K, committed 10496K, reserved 1048576K
Event: 6074.152 GC heap after
Heap after GC invocations=22 (full 4):
 PSYoungGen      total 388096K, used 71143K [0x00000000e0000000, 0x00000000fe400000, 0x0000000100000000)
  eden space 316928K, 0% used [0x00000000e0000000,0x00000000e0000000,0x00000000f3580000)
  from space 71168K, 99% used [0x00000000f8700000,0x00000000fcc79cc8,0x00000000fcc80000)
  to   space 83456K, 0% used [0x00000000f3580000,0x00000000f3580000,0x00000000f8700000)
 ParOldGen       total 253440K, used 116183K [0x00000000a0000000, 0x00000000af780000, 0x00000000e0000000)
  object space 253440K, 45% used [0x00000000a0000000,0x00000000a7175e40,0x00000000af780000)
 Metaspace       used 76610K, capacity 78690K, committed 79616K, reserved 1118208K
  class space    used 9719K, capacity 10250K, committed 10496K, reserved 1048576K
}
Event: 6083.054 GC heap before
{Heap before GC invocations=23 (full 4):
 PSYoungGen      total 388096K, used 388071K [0x00000000e0000000, 0x00000000fe400000, 0x0000000100000000)
  eden space 316928K, 100% used [0x00000000e0000000,0x00000000f3580000,0x00000000f3580000)
  from space 71168K, 99% used [0x00000000f8700000,0x00000000fcc79cc8,0x00000000fcc80000)
  to   space 83456K, 0% used [0x00000000f3580000,0x00000000f3580000,0x00000000f8700000)
 ParOldGen       total 253440K, used 116183K [0x00000000a0000000, 0x00000000af780000, 0x00000000e0000000)
  object space 253440K, 45% used [0x00000000a0000000,0x00000000a7175e40,0x00000000af780000)
 Metaspace       used 84402K, capacity 87206K, committed 87552K, reserved 1126400K
  class space    used 10726K, capacity 11392K, committed 11520K, reserved 1048576K
Event: 6083.178 GC heap after
Heap after GC invocations=23 (full 4):
 PSYoungGen      total 400384K, used 21596K [0x00000000e0000000, 0x00000000fe400000, 0x0000000100000000)
  eden space 316928K, 0% used [0x00000000e0000000,0x00000000e0000000,0x00000000f3580000)
  from space 83456K, 25% used [0x00000000f3580000,0x00000000f4a97198,0x00000000f8700000)
  to   space 71168K, 0% used [0x00000000f8700000,0x00000000f8700000,0x00000000fcc80000)
 ParOldGen       total 253440K, used 183228K [0x00000000a0000000, 0x00000000af780000, 0x00000000e0000000)
  object space 253440K, 72% used [0x00000000a0000000,0x00000000ab2ef020,0x00000000af780000)
 Metaspace       used 84402K, capacity 87206K, committed 87552K, reserved 1126400K
  class space    used 10726K, capacity 11392K, committed 11520K, reserved 1048576K
}
Event: 6087.689 GC heap before
{Heap before GC invocations=24 (full 4):
 PSYoungGen      total 400384K, used 338524K [0x00000000e0000000, 0x00000000fe400000, 0x0000000100000000)
  eden space 316928K, 100% used [0x00000000e0000000,0x00000000f3580000,0x00000000f3580000)
  from space 83456K, 25% used [0x00000000f3580000,0x00000000f4a97198,0x00000000f8700000)
  to   space 71168K, 0% used [0x00000000f8700000,0x00000000f8700000,0x00000000fcc80000)
 ParOldGen       total 253440K, used 183228K [0x00000000a0000000, 0x00000000af780000, 0x00000000e0000000)
  object space 253440K, 72% used [0x00000000a0000000,0x00000000ab2ef020,0x00000000af780000)
 Metaspace       used 87408K, capacity 90626K, committed 90880K, reserved 1128448K
  class space    used 10998K, capacity 11694K, committed 11776K, reserved 1048576K
Event: 6087.739 GC heap after
Heap after GC invocations=24 (full 4):
 PSYoungGen      total 388096K, used 6141K [0x00000000e0000000, 0x00000000fe400000, 0x0000000100000000)
  eden space 316928K, 0% used [0x00000000e0000000,0x00000000e0000000,0x00000000f3580000)
  from space 71168K, 8% used [0x00000000f8700000,0x00000000f8cff780,0x00000000fcc80000)
  to   space 83456K, 0% used [0x00000000f3580000,0x00000000f3580000,0x00000000f8700000)
 ParOldGen       total 253440K, used 193380K [0x00000000a0000000, 0x00000000af780000, 0x00000000e0000000)
  object space 253440K, 76% used [0x00000000a0000000,0x00000000abcd91b0,0x00000000af780000)
 Metaspace       used 87408K, capacity 90626K, committed 90880K, reserved 1128448K
  class space    used 10998K, capacity 11694K, committed 11776K, reserved 1048576K
}

