# JRE version: OpenJDK Runtime Environment (8.0_152-b06) (build 1.8.0_152-release-1136-b06)
# Java VM: OpenJDK 64-Bit Server VM (25.152-b06 mixed mode windows-amd64 compressed oops)
Heap:
 PSYoungGen      total 242688K, used 172800K [0x00000000e0000000, 0x00000000f7200000, 0x0000000100000000)
  eden space 144896K, 57% used [0x00000000e0000000,0x00000000e5199c18,0x00000000e8d80000)
  from space 97792K, 91% used [0x00000000efa00000,0x00000000f5126548,0x00000000f5980000)
  to   space 111104K, 0% used [0x00000000e8d80000,0x00000000e8d80000,0x00000000efa00000)
 ParOldGen       total 164864K, used 133146K [0x00000000a0000000, 0x00000000aa100000, 0x00000000e0000000)
  object space 164864K, 80% used [0x00000000a0000000,0x00000000a8206848,0x00000000aa100000)
 Metaspace       used 81204K, capacity 84142K, committed 84352K, reserved 1122304K
  class space    used 10597K, capacity 11298K, committed 11392K, reserved 1048576K
GC Heap History (10 events):
Event: 181.639 GC heap before
{Heap before GC invocations=25 (full 3):
 PSYoungGen      total 156672K, used 156657K [0x00000000e0000000, 0x00000000ed200000, 0x0000000100000000)
  eden space 126976K, 100% used [0x00000000e0000000,0x00000000e7c00000,0x00000000e7c00000)
  from space 29696K, 99% used [0x00000000e7c00000,0x00000000e98fc680,0x00000000e9900000)
  to   space 34304K, 0% used [0x00000000eb080000,0x00000000eb080000,0x00000000ed200000)
 ParOldGen       total 164864K, used 38686K [0x00000000a0000000, 0x00000000aa100000, 0x00000000e0000000)
  object space 164864K, 23% used [0x00000000a0000000,0x00000000a25c7bc0,0x00000000aa100000)
 Metaspace       used 69902K, capacity 72108K, committed 72320K, reserved 1112064K
  class space    used 9244K, capacity 9843K, committed 9856K, reserved 1048576K
Event: 181.940 GC heap after
Heap after GC invocations=25 (full 3):
 PSYoungGen      total 161792K, used 34284K [0x00000000e0000000, 0x00000000efc80000, 0x0000000100000000)
  eden space 127488K, 0% used [0x00000000e0000000,0x00000000e0000000,0x00000000e7c80000)
  from space 34304K, 99% used [0x00000000eb080000,0x00000000ed1fb2f0,0x00000000ed200000)
  to   space 53248K, 0% used [0x00000000e7c80000,0x00000000e7c80000,0x00000000eb080000)
 ParOldGen       total 164864K, used 75158K [0x00000000a0000000, 0x00000000aa100000, 0x00000000e0000000)
  object space 164864K, 45% used [0x00000000a0000000,0x00000000a4965bd0,0x00000000aa100000)
 Metaspace       used 69902K, capacity 72108K, committed 72320K, reserved 1112064K
  class space    used 9244K, capacity 9843K, committed 9856K, reserved 1048576K
}
Event: 187.379 GC heap before
{Heap before GC invocations=26 (full 3):
 PSYoungGen      total 161792K, used 161772K [0x00000000e0000000, 0x00000000efc80000, 0x0000000100000000)
  eden space 127488K, 100% used [0x00000000e0000000,0x00000000e7c80000,0x00000000e7c80000)
  from space 34304K, 99% used [0x00000000eb080000,0x00000000ed1fb2f0,0x00000000ed200000)
  to   space 53248K, 0% used [0x00000000e7c80000,0x00000000e7c80000,0x00000000eb080000)
 ParOldGen       total 164864K, used 75158K [0x00000000a0000000, 0x00000000aa100000, 0x00000000e0000000)
  object space 164864K, 45% used [0x00000000a0000000,0x00000000a4965bd0,0x00000000aa100000)
 Metaspace       used 70752K, capacity 72882K, committed 73216K, reserved 1112064K
  class space    used 9308K, capacity 9908K, committed 9984K, reserved 1048576K
Event: 187.674 GC heap after
Heap after GC invocations=26 (full 3):
 PSYoungGen      total 180736K, used 53224K [0x00000000e0000000, 0x00000000f1a80000, 0x0000000100000000)
  eden space 127488K, 0% used [0x00000000e0000000,0x00000000e0000000,0x00000000e7c80000)
  from space 53248K, 99% used [0x00000000e7c80000,0x00000000eb07a2b8,0x00000000eb080000)
  to   space 65536K, 0% used [0x00000000eda80000,0x00000000eda80000,0x00000000f1a80000)
 ParOldGen       total 164864K, used 85222K [0x00000000a0000000, 0x00000000aa100000, 0x00000000e0000000)
  object space 164864K, 51% used [0x00000000a0000000,0x00000000a5339a78,0x00000000aa100000)
 Metaspace       used 70752K, capacity 72882K, committed 73216K, reserved 1112064K
  class space    used 9308K, capacity 9908K, committed 9984K, reserved 1048576K
}
Event: 199.784 GC heap before
{Heap before GC invocations=27 (full 3):
 PSYoungGen      total 180736K, used 180712K [0x00000000e0000000, 0x00000000f1a80000, 0x0000000100000000)
  eden space 127488K, 100% used [0x00000000e0000000,0x00000000e7c80000,0x00000000e7c80000)
  from space 53248K, 99% used [0x00000000e7c80000,0x00000000eb07a2b8,0x00000000eb080000)
  to   space 65536K, 0% used [0x00000000eda80000,0x00000000eda80000,0x00000000f1a80000)
 ParOldGen       total 164864K, used 85222K [0x00000000a0000000, 0x00000000aa100000, 0x00000000e0000000)
  object space 164864K, 51% used [0x00000000a0000000,0x00000000a5339a78,0x00000000aa100000)
 Metaspace       used 71621K, capacity 73714K, committed 73984K, reserved 1114112K
  class space    used 9385K, capacity 9972K, committed 9984K, reserved 1048576K
Event: 200.545 GC heap after
Heap after GC invocations=27 (full 3):
 PSYoungGen      total 198656K, used 65504K [0x00000000e0000000, 0x00000000f4e80000, 0x0000000100000000)
  eden space 133120K, 0% used [0x00000000e0000000,0x00000000e0000000,0x00000000e8200000)
  from space 65536K, 99% used [0x00000000eda80000,0x00000000f1a78050,0x00000000f1a80000)
  to   space 90624K, 0% used [0x00000000e8200000,0x00000000e8200000,0x00000000eda80000)
 ParOldGen       total 164864K, used 123491K [0x00000000a0000000, 0x00000000aa100000, 0x00000000e0000000)
  object space 164864K, 74% used [0x00000000a0000000,0x00000000a7898d08,0x00000000aa100000)
 Metaspace       used 71621K, capacity 73714K, committed 73984K, reserved 1114112K
  class space    used 9385K, capacity 9972K, committed 9984K, reserved 1048576K
}
Event: 293.353 GC heap before
{Heap before GC invocations=28 (full 3):
 PSYoungGen      total 198656K, used 198624K [0x00000000e0000000, 0x00000000f4e80000, 0x0000000100000000)
  eden space 133120K, 100% used [0x00000000e0000000,0x00000000e8200000,0x00000000e8200000)
  from space 65536K, 99% used [0x00000000eda80000,0x00000000f1a78050,0x00000000f1a80000)
  to   space 90624K, 0% used [0x00000000e8200000,0x00000000e8200000,0x00000000eda80000)
 ParOldGen       total 164864K, used 123491K [0x00000000a0000000, 0x00000000aa100000, 0x00000000e0000000)
  object space 164864K, 74% used [0x00000000a0000000,0x00000000a7898d08,0x00000000aa100000)
 Metaspace       used 72503K, capacity 74674K, committed 74752K, reserved 1114112K
  class space    used 9418K, capacity 9972K, committed 9984K, reserved 1048576K
Event: 294.539 GC heap after
Heap after GC invocations=28 (full 3):
 PSYoungGen      total 223744K, used 66596K [0x00000000e0000000, 0x00000000f5980000, 0x0000000100000000)
  eden space 133120K, 0% used [0x00000000e0000000,0x00000000e0000000,0x00000000e8200000)
  from space 90624K, 73% used [0x00000000e8200000,0x00000000ec309000,0x00000000eda80000)
  to   space 97792K, 0% used [0x00000000efa00000,0x00000000efa00000,0x00000000f5980000)
 ParOldGen       total 164864K, used 123499K [0x00000000a0000000, 0x00000000aa100000, 0x00000000e0000000)
  object space 164864K, 74% used [0x00000000a0000000,0x00000000a789ad08,0x00000000aa100000)
 Metaspace       used 72503K, capacity 74674K, committed 74752K, reserved 1114112K
  class space    used 9418K, capacity 9972K, committed 9984K, reserved 1048576K
}
Event: 378.960 GC heap before
{Heap before GC invocations=29 (full 3):
 PSYoungGen      total 223744K, used 199716K [0x00000000e0000000, 0x00000000f5980000, 0x0000000100000000)
  eden space 133120K, 100% used [0x00000000e0000000,0x00000000e8200000,0x00000000e8200000)
  from space 90624K, 73% used [0x00000000e8200000,0x00000000ec309000,0x00000000eda80000)
  to   space 97792K, 0% used [0x00000000efa00000,0x00000000efa00000,0x00000000f5980000)
 ParOldGen       total 164864K, used 123499K [0x00000000a0000000, 0x00000000aa100000, 0x00000000e0000000)
  object space 164864K, 74% used [0x00000000a0000000,0x00000000a789ad08,0x00000000aa100000)
 Metaspace       used 80348K, capacity 83246K, committed 83456K, reserved 1122304K
  class space    used 10482K, capacity 11186K, committed 11264K, reserved 1048576K
Event: 380.021 GC heap after
Heap after GC invocations=29 (full 3):
 PSYoungGen      total 242688K, used 89241K [0x00000000e0000000, 0x00000000f7200000, 0x0000000100000000)
  eden space 144896K, 0% used [0x00000000e0000000,0x00000000e0000000,0x00000000e8d80000)
  from space 97792K, 91% used [0x00000000efa00000,0x00000000f5126548,0x00000000f5980000)
  to   space 111104K, 0% used [0x00000000e8d80000,0x00000000e8d80000,0x00000000efa00000)
 ParOldGen       total 164864K, used 133146K [0x00000000a0000000, 0x00000000aa100000, 0x00000000e0000000)
  object space 164864K, 80% used [0x00000000a0000000,0x00000000a8206848,0x00000000aa100000)
 Metaspace       used 80348K, capacity 83246K, committed 83456K, reserved 1122304K
  class space    used 10482K, capacity 11186K, committed 11264K, reserved 1048576K
}

