# JRE version: OpenJDK Runtime Environment (8.0_152-b06) (build 1.8.0_152-release-1136-b06)
# Java VM: OpenJDK 64-Bit Server VM (25.152-b06 mixed mode windows-amd64 compressed oops)
Heap:
 PSYoungGen      total 368128K, used 33374K [0x00000000e0000000, 0x00000000fa980000, 0x0000000100000000)
  eden space 300544K, 0% used [0x00000000e0000000,0x00000000e0152438,0x00000000f2580000)
  from space 67584K, 47% used [0x00000000f2580000,0x00000000f44c5690,0x00000000f6780000)
  to   space 66048K, 0% used [0x00000000f6900000,0x00000000f6900000,0x00000000fa980000)
 ParOldGen       total 285696K, used 191607K [0x00000000a0000000, 0x00000000b1700000, 0x00000000e0000000)
  object space 285696K, 67% used [0x00000000a0000000,0x00000000abb1dfa8,0x00000000b1700000)
 Metaspace       used 93182K, capacity 97572K, committed 97792K, reserved 1134592K
  class space    used 11653K, capacity 12534K, committed 12544K, reserved 1048576K
GC Heap History (10 events):
Event: 933.171 GC heap before
{Heap before GC invocations=37 (full 6):
 PSYoungGen      total 368128K, used 67563K [0x00000000e0000000, 0x00000000fa980000, 0x0000000100000000)
  eden space 300544K, 0% used [0x00000000e0000000,0x00000000e0000000,0x00000000f2580000)
  from space 67584K, 99% used [0x00000000f2580000,0x00000000f677ac80,0x00000000f6780000)
  to   space 66048K, 0% used [0x00000000f6900000,0x00000000f6900000,0x00000000fa980000)
 ParOldGen       total 285696K, used 228792K [0x00000000a0000000, 0x00000000b1700000, 0x00000000e0000000)
  object space 285696K, 80% used [0x00000000a0000000,0x00000000adf6e090,0x00000000b1700000)
 Metaspace       used 85817K, capacity 89258K, committed 89472K, reserved 1126400K
  class space    used 10815K, capacity 11590K, committed 11648K, reserved 1048576K
Event: 933.988 GC heap after
Heap after GC invocations=37 (full 6):
 PSYoungGen      total 368128K, used 0K [0x00000000e0000000, 0x00000000fa980000, 0x0000000100000000)
  eden space 300544K, 0% used [0x00000000e0000000,0x00000000e0000000,0x00000000f2580000)
  from space 67584K, 0% used [0x00000000f2580000,0x00000000f2580000,0x00000000f6780000)
  to   space 66048K, 0% used [0x00000000f6900000,0x00000000f6900000,0x00000000fa980000)
 ParOldGen       total 285696K, used 162425K [0x00000000a0000000, 0x00000000b1700000, 0x00000000e0000000)
  object space 285696K, 56% used [0x00000000a0000000,0x00000000a9e9e4e8,0x00000000b1700000)
 Metaspace       used 84898K, capacity 88312K, committed 89472K, reserved 1126400K
  class space    used 10726K, capacity 11485K, committed 11648K, reserved 1048576K
}
Event: 939.253 GC heap before
{Heap before GC invocations=38 (full 6):
 PSYoungGen      total 368128K, used 300544K [0x00000000e0000000, 0x00000000fa980000, 0x0000000100000000)
  eden space 300544K, 100% used [0x00000000e0000000,0x00000000f2580000,0x00000000f2580000)
  from space 67584K, 0% used [0x00000000f2580000,0x00000000f2580000,0x00000000f6780000)
  to   space 66048K, 0% used [0x00000000f6900000,0x00000000f6900000,0x00000000fa980000)
 ParOldGen       total 285696K, used 162425K [0x00000000a0000000, 0x00000000b1700000, 0x00000000e0000000)
  object space 285696K, 56% used [0x00000000a0000000,0x00000000a9e9e4e8,0x00000000b1700000)
 Metaspace       used 85130K, capacity 88600K, committed 89472K, reserved 1126400K
  class space    used 10726K, capacity 11485K, committed 11648K, reserved 1048576K
Event: 939.302 GC heap after
Heap after GC invocations=38 (full 6):
 PSYoungGen      total 366592K, used 28624K [0x00000000e0000000, 0x00000000fa980000, 0x0000000100000000)
  eden space 300544K, 0% used [0x00000000e0000000,0x00000000e0000000,0x00000000f2580000)
  from space 66048K, 43% used [0x00000000f6900000,0x00000000f84f41a8,0x00000000fa980000)
  to   space 67584K, 0% used [0x00000000f2580000,0x00000000f2580000,0x00000000f6780000)
 ParOldGen       total 285696K, used 162433K [0x00000000a0000000, 0x00000000b1700000, 0x00000000e0000000)
  object space 285696K, 56% used [0x00000000a0000000,0x00000000a9ea04e8,0x00000000b1700000)
 Metaspace       used 85130K, capacity 88600K, committed 89472K, reserved 1126400K
  class space    used 10726K, capacity 11485K, committed 11648K, reserved 1048576K
}
Event: 1020.382 GC heap before
{Heap before GC invocations=39 (full 6):
 PSYoungGen      total 366592K, used 329168K [0x00000000e0000000, 0x00000000fa980000, 0x0000000100000000)
  eden space 300544K, 100% used [0x00000000e0000000,0x00000000f2580000,0x00000000f2580000)
  from space 66048K, 43% used [0x00000000f6900000,0x00000000f84f41a8,0x00000000fa980000)
  to   space 67584K, 0% used [0x00000000f2580000,0x00000000f2580000,0x00000000f6780000)
 ParOldGen       total 285696K, used 162433K [0x00000000a0000000, 0x00000000b1700000, 0x00000000e0000000)
  object space 285696K, 56% used [0x00000000a0000000,0x00000000a9ea04e8,0x00000000b1700000)
 Metaspace       used 86673K, capacity 90332K, committed 90496K, reserved 1128448K
  class space    used 10869K, capacity 11637K, committed 11648K, reserved 1048576K
Event: 1020.440 GC heap after
Heap after GC invocations=39 (full 6):
 PSYoungGen      total 368128K, used 21716K [0x00000000e0000000, 0x00000000fa980000, 0x0000000100000000)
  eden space 300544K, 0% used [0x00000000e0000000,0x00000000e0000000,0x00000000f2580000)
  from space 67584K, 32% used [0x00000000f2580000,0x00000000f3ab50a8,0x00000000f6780000)
  to   space 66048K, 0% used [0x00000000f6900000,0x00000000f6900000,0x00000000fa980000)
 ParOldGen       total 285696K, used 189116K [0x00000000a0000000, 0x00000000b1700000, 0x00000000e0000000)
  object space 285696K, 66% used [0x00000000a0000000,0x00000000ab8af138,0x00000000b1700000)
 Metaspace       used 86673K, capacity 90332K, committed 90496K, reserved 1128448K
  class space    used 10869K, capacity 11637K, committed 11648K, reserved 1048576K
}
Event: 1085.720 GC heap before
{Heap before GC invocations=40 (full 6):
 PSYoungGen      total 368128K, used 322260K [0x00000000e0000000, 0x00000000fa980000, 0x0000000100000000)
  eden space 300544K, 100% used [0x00000000e0000000,0x00000000f2580000,0x00000000f2580000)
  from space 67584K, 32% used [0x00000000f2580000,0x00000000f3ab50a8,0x00000000f6780000)
  to   space 66048K, 0% used [0x00000000f6900000,0x00000000f6900000,0x00000000fa980000)
 ParOldGen       total 285696K, used 189116K [0x00000000a0000000, 0x00000000b1700000, 0x00000000e0000000)
  object space 285696K, 66% used [0x00000000a0000000,0x00000000ab8af138,0x00000000b1700000)
 Metaspace       used 87939K, capacity 92244K, committed 92288K, reserved 1130496K
  class space    used 11032K, capacity 11893K, committed 11904K, reserved 1048576K
Event: 1085.743 GC heap after
Heap after GC invocations=40 (full 6):
 PSYoungGen      total 366592K, used 5823K [0x00000000e0000000, 0x00000000fa980000, 0x0000000100000000)
  eden space 300544K, 0% used [0x00000000e0000000,0x00000000e0000000,0x00000000f2580000)
  from space 66048K, 8% used [0x00000000f6900000,0x00000000f6eaff00,0x00000000fa980000)
  to   space 67584K, 0% used [0x00000000f2580000,0x00000000f2580000,0x00000000f6780000)
 ParOldGen       total 285696K, used 191599K [0x00000000a0000000, 0x00000000b1700000, 0x00000000e0000000)
  object space 285696K, 67% used [0x00000000a0000000,0x00000000abb1bfa8,0x00000000b1700000)
 Metaspace       used 87939K, capacity 92244K, committed 92288K, reserved 1130496K
  class space    used 11032K, capacity 11893K, committed 11904K, reserved 1048576K
}
Event: 1092.985 GC heap before
{Heap before GC invocations=41 (full 6):
 PSYoungGen      total 366592K, used 306367K [0x00000000e0000000, 0x00000000fa980000, 0x0000000100000000)
  eden space 300544K, 100% used [0x00000000e0000000,0x00000000f2580000,0x00000000f2580000)
  from space 66048K, 8% used [0x00000000f6900000,0x00000000f6eaff00,0x00000000fa980000)
  to   space 67584K, 0% used [0x00000000f2580000,0x00000000f2580000,0x00000000f6780000)
 ParOldGen       total 285696K, used 191599K [0x00000000a0000000, 0x00000000b1700000, 0x00000000e0000000)
  object space 285696K, 67% used [0x00000000a0000000,0x00000000abb1bfa8,0x00000000b1700000)
 Metaspace       used 93174K, capacity 97572K, committed 97792K, reserved 1134592K
  class space    used 11653K, capacity 12534K, committed 12544K, reserved 1048576K
Event: 1093.034 GC heap after
Heap after GC invocations=41 (full 6):
 PSYoungGen      total 368128K, used 32021K [0x00000000e0000000, 0x00000000fa980000, 0x0000000100000000)
  eden space 300544K, 0% used [0x00000000e0000000,0x00000000e0000000,0x00000000f2580000)
  from space 67584K, 47% used [0x00000000f2580000,0x00000000f44c5690,0x00000000f6780000)
  to   space 66048K, 0% used [0x00000000f6900000,0x00000000f6900000,0x00000000fa980000)
 ParOldGen       total 285696K, used 191607K [0x00000000a0000000, 0x00000000b1700000, 0x00000000e0000000)
  object space 285696K, 67% used [0x00000000a0000000,0x00000000abb1dfa8,0x00000000b1700000)
 Metaspace       used 93174K, capacity 97572K, committed 97792K, reserved 1134592K
  class space    used 11653K, capacity 12534K, committed 12544K, reserved 1048576K
}

