# JRE version: OpenJDK Runtime Environment (8.0_152-b02) (build 1.8.0_152-release-1024-b02)
# Java VM: OpenJDK 64-Bit Server VM (25.152-b02 mixed mode windows-amd64 compressed oops)
Heap:
 PSYoungGen      total 280064K, used 247670K [0x00000000e0000000, 0x00000000f8b00000, 0x0000000100000000)
  eden space 245248K, 99% used [0x00000000e0000000,0x00000000eedb2398,0x00000000eef80000)
  from space 34816K, 12% used [0x00000000eef80000,0x00000000ef3ab768,0x00000000f1180000)
  to   space 35328K, 0% used [0x00000000f6880000,0x00000000f6880000,0x00000000f8b00000)
 ParOldGen       total 143872K, used 101409K [0x00000000a0000000, 0x00000000a8c80000, 0x00000000e0000000)
  object space 143872K, 70% used [0x00000000a0000000,0x00000000a6308520,0x00000000a8c80000)
 Metaspace       used 84916K, capacity 89166K, committed 89344K, reserved 1126400K
  class space    used 10662K, capacity 11485K, committed 11520K, reserved 1048576K
GC Heap History (10 events):
Event: 2128.254 GC heap before
{Heap before GC invocations=20 (full 3):
 PSYoungGen      total 208384K, used 202623K [0x00000000e0000000, 0x00000000eea80000, 0x0000000100000000)
  eden space 190976K, 100% used [0x00000000e0000000,0x00000000eba80000,0x00000000eba80000)
  from space 17408K, 66% used [0x00000000ed980000,0x00000000ee4dfcf0,0x00000000eea80000)
  to   space 24576K, 0% used [0x00000000eba80000,0x00000000eba80000,0x00000000ed280000)
 ParOldGen       total 143872K, used 64956K [0x00000000a0000000, 0x00000000a8c80000, 0x00000000e0000000)
  object space 143872K, 45% used [0x00000000a0000000,0x00000000a3f6f398,0x00000000a8c80000)
 Metaspace       used 73850K, capacity 76676K, committed 76800K, reserved 1116160K
  class space    used 9272K, capacity 9904K, committed 9984K, reserved 1048576K
Event: 2128.300 GC heap after
Heap after GC invocations=20 (full 3):
 PSYoungGen      total 209408K, used 24565K [0x00000000e0000000, 0x00000000ef280000, 0x0000000100000000)
  eden space 184832K, 0% used [0x00000000e0000000,0x00000000e0000000,0x00000000eb480000)
  from space 24576K, 99% used [0x00000000eba80000,0x00000000ed27d798,0x00000000ed280000)
  to   space 31744K, 0% used [0x00000000ed380000,0x00000000ed380000,0x00000000ef280000)
 ParOldGen       total 143872K, used 75320K [0x00000000a0000000, 0x00000000a8c80000, 0x00000000e0000000)
  object space 143872K, 52% used [0x00000000a0000000,0x00000000a498e188,0x00000000a8c80000)
 Metaspace       used 73850K, capacity 76676K, committed 76800K, reserved 1116160K
  class space    used 9272K, capacity 9904K, committed 9984K, reserved 1048576K
}
Event: 2132.184 GC heap before
{Heap before GC invocations=21 (full 3):
 PSYoungGen      total 209408K, used 208731K [0x00000000e0000000, 0x00000000ef280000, 0x0000000100000000)
  eden space 184832K, 99% used [0x00000000e0000000,0x00000000eb3d94d8,0x00000000eb480000)
  from space 24576K, 99% used [0x00000000eba80000,0x00000000ed27d798,0x00000000ed280000)
  to   space 31744K, 0% used [0x00000000ed380000,0x00000000ed380000,0x00000000ef280000)
 ParOldGen       total 143872K, used 75320K [0x00000000a0000000, 0x00000000a8c80000, 0x00000000e0000000)
  object space 143872K, 52% used [0x00000000a0000000,0x00000000a498e188,0x00000000a8c80000)
 Metaspace       used 75048K, capacity 78050K, committed 78208K, reserved 1118208K
  class space    used 9422K, capacity 10075K, committed 10112K, reserved 1048576K
Event: 2132.243 GC heap after
Heap after GC invocations=21 (full 3):
 PSYoungGen      total 210432K, used 26826K [0x00000000e0000000, 0x00000000ef200000, 0x0000000100000000)
  eden space 179200K, 0% used [0x00000000e0000000,0x00000000e0000000,0x00000000eaf00000)
  from space 31232K, 85% used [0x00000000ed380000,0x00000000eedb2898,0x00000000ef200000)
  to   space 34304K, 0% used [0x00000000eaf00000,0x00000000eaf00000,0x00000000ed080000)
 ParOldGen       total 143872K, used 77840K [0x00000000a0000000, 0x00000000a8c80000, 0x00000000e0000000)
  object space 143872K, 54% used [0x00000000a0000000,0x00000000a4c041c8,0x00000000a8c80000)
 Metaspace       used 75048K, capacity 78050K, committed 78208K, reserved 1118208K
  class space    used 9422K, capacity 10075K, committed 10112K, reserved 1048576K
}
Event: 2132.271 GC heap before
{Heap before GC invocations=22 (full 3):
 PSYoungGen      total 210432K, used 205936K [0x00000000e0000000, 0x00000000ef200000, 0x0000000100000000)
  eden space 179200K, 99% used [0x00000000e0000000,0x00000000eaee98e8,0x00000000eaf00000)
  from space 31232K, 85% used [0x00000000ed380000,0x00000000eedb2898,0x00000000ef200000)
  to   space 34304K, 0% used [0x00000000eaf00000,0x00000000eaf00000,0x00000000ed080000)
 ParOldGen       total 143872K, used 77840K [0x00000000a0000000, 0x00000000a8c80000, 0x00000000e0000000)
  object space 143872K, 54% used [0x00000000a0000000,0x00000000a4c041c8,0x00000000a8c80000)
 Metaspace       used 75059K, capacity 78050K, committed 78208K, reserved 1118208K
  class space    used 9422K, capacity 10075K, committed 10112K, reserved 1048576K
Event: 2132.313 GC heap after
Heap after GC invocations=22 (full 3):
 PSYoungGen      total 213504K, used 25491K [0x00000000e0000000, 0x00000000f3580000, 0x0000000100000000)
  eden space 179200K, 0% used [0x00000000e0000000,0x00000000e0000000,0x00000000eaf00000)
  from space 34304K, 74% used [0x00000000eaf00000,0x00000000ec7e4f98,0x00000000ed080000)
  to   space 36352K, 0% used [0x00000000f1200000,0x00000000f1200000,0x00000000f3580000)
 ParOldGen       total 143872K, used 77848K [0x00000000a0000000, 0x00000000a8c80000, 0x00000000e0000000)
  object space 143872K, 54% used [0x00000000a0000000,0x00000000a4c061c8,0x00000000a8c80000)
 Metaspace       used 75059K, capacity 78050K, committed 78208K, reserved 1118208K
  class space    used 9422K, capacity 10075K, committed 10112K, reserved 1048576K
}
Event: 2132.407 GC heap before
{Heap before GC invocations=23 (full 3):
 PSYoungGen      total 213504K, used 204691K [0x00000000e0000000, 0x00000000f3580000, 0x0000000100000000)
  eden space 179200K, 100% used [0x00000000e0000000,0x00000000eaf00000,0x00000000eaf00000)
  from space 34304K, 74% used [0x00000000eaf00000,0x00000000ec7e4f98,0x00000000ed080000)
  to   space 36352K, 0% used [0x00000000f1200000,0x00000000f1200000,0x00000000f3580000)
 ParOldGen       total 143872K, used 77848K [0x00000000a0000000, 0x00000000a8c80000, 0x00000000e0000000)
  object space 143872K, 54% used [0x00000000a0000000,0x00000000a4c061c8,0x00000000a8c80000)
 Metaspace       used 75153K, capacity 78158K, committed 78208K, reserved 1118208K
  class space    used 9440K, capacity 10085K, committed 10112K, reserved 1048576K
Event: 2132.450 GC heap after
Heap after GC invocations=23 (full 3):
 PSYoungGen      total 279552K, used 18734K [0x00000000e0000000, 0x00000000f3380000, 0x0000000100000000)
  eden space 245248K, 0% used [0x00000000e0000000,0x00000000e0000000,0x00000000eef80000)
  from space 34304K, 54% used [0x00000000f1200000,0x00000000f244b9f8,0x00000000f3380000)
  to   space 34816K, 0% used [0x00000000eef80000,0x00000000eef80000,0x00000000f1180000)
 ParOldGen       total 143872K, used 83046K [0x00000000a0000000, 0x00000000a8c80000, 0x00000000e0000000)
  object space 143872K, 57% used [0x00000000a0000000,0x00000000a51198f8,0x00000000a8c80000)
 Metaspace       used 75153K, capacity 78158K, committed 78208K, reserved 1118208K
  class space    used 9440K, capacity 10085K, committed 10112K, reserved 1048576K
}
Event: 2141.862 GC heap before
{Heap before GC invocations=24 (full 3):
 PSYoungGen      total 279552K, used 263982K [0x00000000e0000000, 0x00000000f3380000, 0x0000000100000000)
  eden space 245248K, 100% used [0x00000000e0000000,0x00000000eef80000,0x00000000eef80000)
  from space 34304K, 54% used [0x00000000f1200000,0x00000000f244b9f8,0x00000000f3380000)
  to   space 34816K, 0% used [0x00000000eef80000,0x00000000eef80000,0x00000000f1180000)
 ParOldGen       total 143872K, used 83046K [0x00000000a0000000, 0x00000000a8c80000, 0x00000000e0000000)
  object space 143872K, 57% used [0x00000000a0000000,0x00000000a51198f8,0x00000000a8c80000)
 Metaspace       used 76621K, capacity 79982K, committed 80256K, reserved 1120256K
  class space    used 9630K, capacity 10317K, committed 10368K, reserved 1048576K
Event: 2141.898 GC heap after
Heap after GC invocations=24 (full 3):
 PSYoungGen      total 280064K, used 4269K [0x00000000e0000000, 0x00000000f8b00000, 0x0000000100000000)
  eden space 245248K, 0% used [0x00000000e0000000,0x00000000e0000000,0x00000000eef80000)
  from space 34816K, 12% used [0x00000000eef80000,0x00000000ef3ab768,0x00000000f1180000)
  to   space 35328K, 0% used [0x00000000f6880000,0x00000000f6880000,0x00000000f8b00000)
 ParOldGen       total 143872K, used 101409K [0x00000000a0000000, 0x00000000a8c80000, 0x00000000e0000000)
  object space 143872K, 70% used [0x00000000a0000000,0x00000000a6308520,0x00000000a8c80000)
 Metaspace       used 76621K, capacity 79982K, committed 80256K, reserved 1120256K
  class space    used 9630K, capacity 10317K, committed 10368K, reserved 1048576K
}

