# JRE version: OpenJDK Runtime Environment (8.0_152-b06) (build 1.8.0_152-release-1136-b06)
# Java VM: OpenJDK 64-Bit Server VM (25.152-b06 mixed mode windows-amd64 compressed oops)
Heap:
 PSYoungGen      total 408576K, used 167942K [0x00000000e0000000, 0x00000000fcb80000, 0x0000000100000000)
  eden space 353792K, 35% used [0x00000000e0000000,0x00000000e7a041e0,0x00000000f5980000)
  from space 54784K, 78% used [0x00000000f9600000,0x00000000fbffd628,0x00000000fcb80000)
  to   space 58368K, 0% used [0x00000000f5980000,0x00000000f5980000,0x00000000f9280000)
 ParOldGen       total 229888K, used 74069K [0x00000000a0000000, 0x00000000ae080000, 0x00000000e0000000)
  object space 229888K, 32% used [0x00000000a0000000,0x00000000a4855688,0x00000000ae080000)
 Metaspace       used 82714K, capacity 86204K, committed 86272K, reserved 1124352K
  class space    used 10453K, capacity 11200K, committed 11264K, reserved 1048576K
GC Heap History (10 events):
Event: 51.904 GC heap before
{Heap before GC invocations=24 (full 4):
 PSYoungGen      total 412160K, used 381143K [0x00000000e0000000, 0x00000000fcb80000, 0x0000000100000000)
  eden space 353792K, 100% used [0x00000000e0000000,0x00000000f5980000,0x00000000f5980000)
  from space 58368K, 46% used [0x00000000f5980000,0x00000000f7435e88,0x00000000f9280000)
  to   space 54784K, 0% used [0x00000000f9600000,0x00000000f9600000,0x00000000fcb80000)
 ParOldGen       total 229888K, used 57339K [0x00000000a0000000, 0x00000000ae080000, 0x00000000e0000000)
  object space 229888K, 24% used [0x00000000a0000000,0x00000000a37fee90,0x00000000ae080000)
 Metaspace       used 78316K, capacity 81564K, committed 81792K, reserved 1120256K
  class space    used 10128K, capacity 10854K, committed 10880K, reserved 1048576K
Event: 51.959 GC heap after
Heap after GC invocations=24 (full 4):
 PSYoungGen      total 408576K, used 30125K [0x00000000e0000000, 0x00000000fcb80000, 0x0000000100000000)
  eden space 353792K, 0% used [0x00000000e0000000,0x00000000e0000000,0x00000000f5980000)
  from space 54784K, 54% used [0x00000000f9600000,0x00000000fb36b6f8,0x00000000fcb80000)
  to   space 58368K, 0% used [0x00000000f5980000,0x00000000f5980000,0x00000000f9280000)
 ParOldGen       total 229888K, used 57339K [0x00000000a0000000, 0x00000000ae080000, 0x00000000e0000000)
  object space 229888K, 24% used [0x00000000a0000000,0x00000000a37fee90,0x00000000ae080000)
 Metaspace       used 78316K, capacity 81564K, committed 81792K, reserved 1120256K
  class space    used 10128K, capacity 10854K, committed 10880K, reserved 1048576K
}
Event: 55.022 GC heap before
{Heap before GC invocations=25 (full 4):
 PSYoungGen      total 408576K, used 383917K [0x00000000e0000000, 0x00000000fcb80000, 0x0000000100000000)
  eden space 353792K, 100% used [0x00000000e0000000,0x00000000f5980000,0x00000000f5980000)
  from space 54784K, 54% used [0x00000000f9600000,0x00000000fb36b6f8,0x00000000fcb80000)
  to   space 58368K, 0% used [0x00000000f5980000,0x00000000f5980000,0x00000000f9280000)
 ParOldGen       total 229888K, used 57339K [0x00000000a0000000, 0x00000000ae080000, 0x00000000e0000000)
  object space 229888K, 24% used [0x00000000a0000000,0x00000000a37fee90,0x00000000ae080000)
 Metaspace       used 78689K, capacity 81960K, committed 82176K, reserved 1120256K
  class space    used 10158K, capacity 10890K, committed 11008K, reserved 1048576K
Event: 55.078 GC heap after
Heap after GC invocations=25 (full 4):
 PSYoungGen      total 412160K, used 14439K [0x00000000e0000000, 0x00000000fcb80000, 0x0000000100000000)
  eden space 353792K, 0% used [0x00000000e0000000,0x00000000e0000000,0x00000000f5980000)
  from space 58368K, 24% used [0x00000000f5980000,0x00000000f6799d88,0x00000000f9280000)
  to   space 54784K, 0% used [0x00000000f9600000,0x00000000f9600000,0x00000000fcb80000)
 ParOldGen       total 229888K, used 66648K [0x00000000a0000000, 0x00000000ae080000, 0x00000000e0000000)
  object space 229888K, 28% used [0x00000000a0000000,0x00000000a4116058,0x00000000ae080000)
 Metaspace       used 78689K, capacity 81960K, committed 82176K, reserved 1120256K
  class space    used 10158K, capacity 10890K, committed 11008K, reserved 1048576K
}
Event: 59.972 GC heap before
{Heap before GC invocations=26 (full 4):
 PSYoungGen      total 412160K, used 368231K [0x00000000e0000000, 0x00000000fcb80000, 0x0000000100000000)
  eden space 353792K, 100% used [0x00000000e0000000,0x00000000f5980000,0x00000000f5980000)
  from space 58368K, 24% used [0x00000000f5980000,0x00000000f6799d88,0x00000000f9280000)
  to   space 54784K, 0% used [0x00000000f9600000,0x00000000f9600000,0x00000000fcb80000)
 ParOldGen       total 229888K, used 66648K [0x00000000a0000000, 0x00000000ae080000, 0x00000000e0000000)
  object space 229888K, 28% used [0x00000000a0000000,0x00000000a4116058,0x00000000ae080000)
 Metaspace       used 78906K, capacity 82198K, committed 82432K, reserved 1120256K
  class space    used 10177K, capacity 10925K, committed 11008K, reserved 1048576K
Event: 60.003 GC heap after
Heap after GC invocations=26 (full 4):
 PSYoungGen      total 408576K, used 28755K [0x00000000e0000000, 0x00000000fcb80000, 0x0000000100000000)
  eden space 353792K, 0% used [0x00000000e0000000,0x00000000e0000000,0x00000000f5980000)
  from space 54784K, 52% used [0x00000000f9600000,0x00000000fb214fb0,0x00000000fcb80000)
  to   space 58368K, 0% used [0x00000000f5980000,0x00000000f5980000,0x00000000f9280000)
 ParOldGen       total 229888K, used 70509K [0x00000000a0000000, 0x00000000ae080000, 0x00000000e0000000)
  object space 229888K, 30% used [0x00000000a0000000,0x00000000a44db638,0x00000000ae080000)
 Metaspace       used 78906K, capacity 82198K, committed 82432K, reserved 1120256K
  class space    used 10177K, capacity 10925K, committed 11008K, reserved 1048576K
}
Event: 63.514 GC heap before
{Heap before GC invocations=27 (full 4):
 PSYoungGen      total 408576K, used 382547K [0x00000000e0000000, 0x00000000fcb80000, 0x0000000100000000)
  eden space 353792K, 100% used [0x00000000e0000000,0x00000000f5980000,0x00000000f5980000)
  from space 54784K, 52% used [0x00000000f9600000,0x00000000fb214fb0,0x00000000fcb80000)
  to   space 58368K, 0% used [0x00000000f5980000,0x00000000f5980000,0x00000000f9280000)
 ParOldGen       total 229888K, used 70509K [0x00000000a0000000, 0x00000000ae080000, 0x00000000e0000000)
  object space 229888K, 30% used [0x00000000a0000000,0x00000000a44db638,0x00000000ae080000)
 Metaspace       used 79490K, capacity 82828K, committed 82944K, reserved 1122304K
  class space    used 10230K, capacity 10972K, committed 11008K, reserved 1048576K
Event: 63.521 GC heap after
Heap after GC invocations=27 (full 4):
 PSYoungGen      total 412160K, used 4128K [0x00000000e0000000, 0x00000000fcb80000, 0x0000000100000000)
  eden space 353792K, 0% used [0x00000000e0000000,0x00000000e0000000,0x00000000f5980000)
  from space 58368K, 7% used [0x00000000f5980000,0x00000000f5d88080,0x00000000f9280000)
  to   space 54784K, 0% used [0x00000000f9600000,0x00000000f9600000,0x00000000fcb80000)
 ParOldGen       total 229888K, used 70565K [0x00000000a0000000, 0x00000000ae080000, 0x00000000e0000000)
  object space 229888K, 30% used [0x00000000a0000000,0x00000000a44e9638,0x00000000ae080000)
 Metaspace       used 79490K, capacity 82828K, committed 82944K, reserved 1122304K
  class space    used 10230K, capacity 10972K, committed 11008K, reserved 1048576K
}
Event: 76.215 GC heap before
{Heap before GC invocations=28 (full 4):
 PSYoungGen      total 412160K, used 351330K [0x00000000e0000000, 0x00000000fcb80000, 0x0000000100000000)
  eden space 353792K, 98% used [0x00000000e0000000,0x00000000f5310870,0x00000000f5980000)
  from space 58368K, 7% used [0x00000000f5980000,0x00000000f5d88080,0x00000000f9280000)
  to   space 54784K, 0% used [0x00000000f9600000,0x00000000f9600000,0x00000000fcb80000)
 ParOldGen       total 229888K, used 70565K [0x00000000a0000000, 0x00000000ae080000, 0x00000000e0000000)
  object space 229888K, 30% used [0x00000000a0000000,0x00000000a44e9638,0x00000000ae080000)
 Metaspace       used 82708K, capacity 86204K, committed 86272K, reserved 1124352K
  class space    used 10452K, capacity 11200K, committed 11264K, reserved 1048576K
Event: 76.247 GC heap after
Heap after GC invocations=28 (full 4):
 PSYoungGen      total 408576K, used 42997K [0x00000000e0000000, 0x00000000fcb80000, 0x0000000100000000)
  eden space 353792K, 0% used [0x00000000e0000000,0x00000000e0000000,0x00000000f5980000)
  from space 54784K, 78% used [0x00000000f9600000,0x00000000fbffd628,0x00000000fcb80000)
  to   space 58368K, 0% used [0x00000000f5980000,0x00000000f5980000,0x00000000f9280000)
 ParOldGen       total 229888K, used 74069K [0x00000000a0000000, 0x00000000ae080000, 0x00000000e0000000)
  object space 229888K, 32% used [0x00000000a0000000,0x00000000a4855688,0x00000000ae080000)
 Metaspace       used 82708K, capacity 86204K, committed 86272K, reserved 1124352K
  class space    used 10452K, capacity 11200K, committed 11264K, reserved 1048576K
}

