# JRE version: OpenJDK Runtime Environment (8.0_152-b06) (build 1.8.0_152-release-1136-b06)
# Java VM: OpenJDK 64-Bit Server VM (25.152-b06 mixed mode windows-amd64 compressed oops)
Heap:
 PSYoungGen      total 214528K, used 40436K [0x00000000e0000000, 0x00000000f5880000, 0x0000000100000000)
  eden space 169472K, 10% used [0x00000000e0000000,0x00000000e10a3330,0x00000000ea580000)
  from space 45056K, 51% used [0x00000000ea580000,0x00000000ebc59d28,0x00000000ed180000)
  to   space 74240K, 0% used [0x00000000f1000000,0x00000000f1000000,0x00000000f5880000)
 ParOldGen       total 323072K, used 150572K [0x00000000a0000000, 0x00000000b3b80000, 0x00000000e0000000)
  object space 323072K, 46% used [0x00000000a0000000,0x00000000a930b3a0,0x00000000b3b80000)
 Metaspace       used 67778K, capacity 69962K, committed 70272K, reserved 1110016K
  class space    used 8917K, capacity 9481K, committed 9600K, reserved 1048576K
GC Heap History (10 events):
Event: 71.271 GC heap before
{Heap before GC invocations=19 (full 3):
 PSYoungGen      total 161280K, used 150785K [0x00000000e0000000, 0x00000000ecc80000, 0x0000000100000000)
  eden space 140288K, 100% used [0x00000000e0000000,0x00000000e8900000,0x00000000e8900000)
  from space 20992K, 50% used [0x00000000e8900000,0x00000000e9340460,0x00000000e9d80000)
  to   space 19968K, 0% used [0x00000000eb900000,0x00000000eb900000,0x00000000ecc80000)
 ParOldGen       total 151040K, used 37428K [0x00000000a0000000, 0x00000000a9380000, 0x00000000e0000000)
  object space 151040K, 24% used [0x00000000a0000000,0x00000000a248d0b0,0x00000000a9380000)
 Metaspace       used 60325K, capacity 62348K, committed 62464K, reserved 1103872K
  class space    used 8148K, capacity 8692K, committed 8704K, reserved 1048576K
Event: 71.309 GC heap after
Heap after GC invocations=19 (full 3):
 PSYoungGen      total 182272K, used 17728K [0x00000000e0000000, 0x00000000eca80000, 0x0000000100000000)
  eden space 164352K, 0% used [0x00000000e0000000,0x00000000e0000000,0x00000000ea080000)
  from space 17920K, 98% used [0x00000000eb900000,0x00000000eca50350,0x00000000eca80000)
  to   space 21504K, 0% used [0x00000000ea080000,0x00000000ea080000,0x00000000eb580000)
 ParOldGen       total 151040K, used 37436K [0x00000000a0000000, 0x00000000a9380000, 0x00000000e0000000)
  object space 151040K, 24% used [0x00000000a0000000,0x00000000a248f0b0,0x00000000a9380000)
 Metaspace       used 60325K, capacity 62348K, committed 62464K, reserved 1103872K
  class space    used 8148K, capacity 8692K, committed 8704K, reserved 1048576K
}
Event: 76.794 GC heap before
{Heap before GC invocations=20 (full 3):
 PSYoungGen      total 182272K, used 182080K [0x00000000e0000000, 0x00000000eca80000, 0x0000000100000000)
  eden space 164352K, 100% used [0x00000000e0000000,0x00000000ea080000,0x00000000ea080000)
  from space 17920K, 98% used [0x00000000eb900000,0x00000000eca50350,0x00000000eca80000)
  to   space 21504K, 0% used [0x00000000ea080000,0x00000000ea080000,0x00000000eb580000)
 ParOldGen       total 151040K, used 37436K [0x00000000a0000000, 0x00000000a9380000, 0x00000000e0000000)
  object space 151040K, 24% used [0x00000000a0000000,0x00000000a248f0b0,0x00000000a9380000)
 Metaspace       used 64900K, capacity 67000K, committed 67200K, reserved 1107968K
  class space    used 8707K, capacity 9286K, committed 9344K, reserved 1048576K
Event: 76.854 GC heap after
Heap after GC invocations=20 (full 3):
 PSYoungGen      total 185856K, used 21503K [0x00000000e0000000, 0x00000000ef080000, 0x0000000100000000)
  eden space 164352K, 0% used [0x00000000e0000000,0x00000000e0000000,0x00000000ea080000)
  from space 21504K, 99% used [0x00000000ea080000,0x00000000eb57fcf8,0x00000000eb580000)
  to   space 31744K, 0% used [0x00000000ed180000,0x00000000ed180000,0x00000000ef080000)
 ParOldGen       total 151040K, used 56435K [0x00000000a0000000, 0x00000000a9380000, 0x00000000e0000000)
  object space 151040K, 37% used [0x00000000a0000000,0x00000000a371cd10,0x00000000a9380000)
 Metaspace       used 64900K, capacity 67000K, committed 67200K, reserved 1107968K
  class space    used 8707K, capacity 9286K, committed 9344K, reserved 1048576K
}
Event: 80.054 GC heap before
{Heap before GC invocations=21 (full 3):
 PSYoungGen      total 185856K, used 185855K [0x00000000e0000000, 0x00000000ef080000, 0x0000000100000000)
  eden space 164352K, 100% used [0x00000000e0000000,0x00000000ea080000,0x00000000ea080000)
  from space 21504K, 99% used [0x00000000ea080000,0x00000000eb57fcf8,0x00000000eb580000)
  to   space 31744K, 0% used [0x00000000ed180000,0x00000000ed180000,0x00000000ef080000)
 ParOldGen       total 151040K, used 56435K [0x00000000a0000000, 0x00000000a9380000, 0x00000000e0000000)
  object space 151040K, 37% used [0x00000000a0000000,0x00000000a371cd10,0x00000000a9380000)
 Metaspace       used 66700K, capacity 68868K, committed 69120K, reserved 1110016K
  class space    used 8840K, capacity 9416K, committed 9472K, reserved 1048576K
Event: 80.152 GC heap after
Heap after GC invocations=21 (full 3):
 PSYoungGen      total 201216K, used 31736K [0x00000000e0000000, 0x00000000f0e00000, 0x0000000100000000)
  eden space 169472K, 0% used [0x00000000e0000000,0x00000000e0000000,0x00000000ea580000)
  from space 31744K, 99% used [0x00000000ed180000,0x00000000ef07e150,0x00000000ef080000)
  to   space 45056K, 0% used [0x00000000ea580000,0x00000000ea580000,0x00000000ed180000)
 ParOldGen       total 151040K, used 80231K [0x00000000a0000000, 0x00000000a9380000, 0x00000000e0000000)
  object space 151040K, 53% used [0x00000000a0000000,0x00000000a4e59d80,0x00000000a9380000)
 Metaspace       used 66700K, capacity 68868K, committed 69120K, reserved 1110016K
  class space    used 8840K, capacity 9416K, committed 9472K, reserved 1048576K
}
Event: 81.464 GC heap before
{Heap before GC invocations=22 (full 3):
 PSYoungGen      total 201216K, used 201208K [0x00000000e0000000, 0x00000000f0e00000, 0x0000000100000000)
  eden space 169472K, 100% used [0x00000000e0000000,0x00000000ea580000,0x00000000ea580000)
  from space 31744K, 99% used [0x00000000ed180000,0x00000000ef07e150,0x00000000ef080000)
  to   space 45056K, 0% used [0x00000000ea580000,0x00000000ea580000,0x00000000ed180000)
 ParOldGen       total 151040K, used 80231K [0x00000000a0000000, 0x00000000a9380000, 0x00000000e0000000)
  object space 151040K, 53% used [0x00000000a0000000,0x00000000a4e59d80,0x00000000a9380000)
 Metaspace       used 67270K, capacity 69444K, committed 69760K, reserved 1110016K
  class space    used 8903K, capacity 9480K, committed 9600K, reserved 1048576K
Event: 81.603 GC heap after
Heap after GC invocations=22 (full 3):
 PSYoungGen      total 214528K, used 45037K [0x00000000e0000000, 0x00000000f5880000, 0x0000000100000000)
  eden space 169472K, 0% used [0x00000000e0000000,0x00000000e0000000,0x00000000ea580000)
  from space 45056K, 99% used [0x00000000ea580000,0x00000000ed17b648,0x00000000ed180000)
  to   space 74240K, 0% used [0x00000000f1000000,0x00000000f1000000,0x00000000f5880000)
 ParOldGen       total 151040K, used 139019K [0x00000000a0000000, 0x00000000a9380000, 0x00000000e0000000)
  object space 151040K, 92% used [0x00000000a0000000,0x00000000a87c2fa8,0x00000000a9380000)
 Metaspace       used 67270K, capacity 69444K, committed 69760K, reserved 1110016K
  class space    used 8903K, capacity 9480K, committed 9600K, reserved 1048576K
}
Event: 81.603 GC heap before
{Heap before GC invocations=23 (full 4):
 PSYoungGen      total 214528K, used 45037K [0x00000000e0000000, 0x00000000f5880000, 0x0000000100000000)
  eden space 169472K, 0% used [0x00000000e0000000,0x00000000e0000000,0x00000000ea580000)
  from space 45056K, 99% used [0x00000000ea580000,0x00000000ed17b648,0x00000000ed180000)
  to   space 74240K, 0% used [0x00000000f1000000,0x00000000f1000000,0x00000000f5880000)
 ParOldGen       total 151040K, used 139019K [0x00000000a0000000, 0x00000000a9380000, 0x00000000e0000000)
  object space 151040K, 92% used [0x00000000a0000000,0x00000000a87c2fa8,0x00000000a9380000)
 Metaspace       used 67270K, capacity 69444K, committed 69760K, reserved 1110016K
  class space    used 8903K, capacity 9480K, committed 9600K, reserved 1048576K
Event: 82.816 GC heap after
Heap after GC invocations=23 (full 4):
 PSYoungGen      total 214528K, used 23399K [0x00000000e0000000, 0x00000000f5880000, 0x0000000100000000)
  eden space 169472K, 0% used [0x00000000e0000000,0x00000000e0000000,0x00000000ea580000)
  from space 45056K, 51% used [0x00000000ea580000,0x00000000ebc59d28,0x00000000ed180000)
  to   space 74240K, 0% used [0x00000000f1000000,0x00000000f1000000,0x00000000f5880000)
 ParOldGen       total 323072K, used 150572K [0x00000000a0000000, 0x00000000b3b80000, 0x00000000e0000000)
  object space 323072K, 46% used [0x00000000a0000000,0x00000000a930b3a0,0x00000000b3b80000)
 Metaspace       used 67270K, capacity 69444K, committed 69760K, reserved 1110016K
  class space    used 8903K, capacity 9480K, committed 9600K, reserved 1048576K
}

