# JRE version: OpenJDK Runtime Environment (8.0_152-b06) (build 1.8.0_152-release-1136-b06)
# Java VM: OpenJDK 64-Bit Server VM (25.152-b06 mixed mode windows-amd64 compressed oops)
Heap:
 PSYoungGen      total 103936K, used 82940K [0x00000000e0000000, 0x00000000e7300000, 0x0000000100000000)
  eden space 92672K, 77% used [0x00000000e0000000,0x00000000e464c2f0,0x00000000e5a80000)
  from space 11264K, 97% used [0x00000000e5a80000,0x00000000e6532fa8,0x00000000e6580000)
  to   space 10240K, 0% used [0x00000000e6580000,0x00000000e6580000,0x00000000e6f80000)
 ParOldGen       total 59904K, used 16654K [0x00000000a0000000, 0x00000000a3a80000, 0x00000000e0000000)
  object space 59904K, 27% used [0x00000000a0000000,0x00000000a10438f8,0x00000000a3a80000)
 Metaspace       used 43700K, capacity 44724K, committed 45056K, reserved 1087488K
  class space    used 5933K, capacity 6278K, committed 6400K, reserved 1048576K
GC Heap History (10 events):
Event: 4.869 GC heap before
{Heap before GC invocations=7 (full 1):
 PSYoungGen      total 71680K, used 66560K [0x00000000e0000000, 0x00000000e4b00000, 0x0000000100000000)
  eden space 66560K, 100% used [0x00000000e0000000,0x00000000e4100000,0x00000000e4100000)
  from space 5120K, 0% used [0x00000000e4100000,0x00000000e4100000,0x00000000e4600000)
  to   space 5120K, 0% used [0x00000000e4600000,0x00000000e4600000,0x00000000e4b00000)
 ParOldGen       total 59904K, used 8211K [0x00000000a0000000, 0x00000000a3a80000, 0x00000000e0000000)
  object space 59904K, 13% used [0x00000000a0000000,0x00000000a0804e68,0x00000000a3a80000)
 Metaspace       used 26680K, capacity 27126K, committed 27392K, reserved 1073152K
  class space    used 3676K, capacity 3829K, committed 3840K, reserved 1048576K
Event: 4.885 GC heap after
Heap after GC invocations=7 (full 1):
 PSYoungGen      total 66560K, used 5088K [0x00000000e0000000, 0x00000000e7a00000, 0x0000000100000000)
  eden space 61440K, 0% used [0x00000000e0000000,0x00000000e0000000,0x00000000e3c00000)
  from space 5120K, 99% used [0x00000000e4600000,0x00000000e4af8298,0x00000000e4b00000)
  to   space 10240K, 0% used [0x00000000e3c00000,0x00000000e3c00000,0x00000000e4600000)
 ParOldGen       total 59904K, used 10344K [0x00000000a0000000, 0x00000000a3a80000, 0x00000000e0000000)
  object space 59904K, 17% used [0x00000000a0000000,0x00000000a0a1a170,0x00000000a3a80000)
 Metaspace       used 26680K, capacity 27126K, committed 27392K, reserved 1073152K
  class space    used 3676K, capacity 3829K, committed 3840K, reserved 1048576K
}
Event: 6.214 GC heap before
{Heap before GC invocations=8 (full 1):
 PSYoungGen      total 66560K, used 66528K [0x00000000e0000000, 0x00000000e7a00000, 0x0000000100000000)
  eden space 61440K, 100% used [0x00000000e0000000,0x00000000e3c00000,0x00000000e3c00000)
  from space 5120K, 99% used [0x00000000e4600000,0x00000000e4af8298,0x00000000e4b00000)
  to   space 10240K, 0% used [0x00000000e3c00000,0x00000000e3c00000,0x00000000e4600000)
 ParOldGen       total 59904K, used 10344K [0x00000000a0000000, 0x00000000a3a80000, 0x00000000e0000000)
  object space 59904K, 17% used [0x00000000a0000000,0x00000000a0a1a170,0x00000000a3a80000)
 Metaspace       used 29793K, capacity 30248K, committed 30464K, reserved 1075200K
  class space    used 4159K, capacity 4315K, committed 4352K, reserved 1048576K
Event: 6.225 GC heap after
Heap after GC invocations=8 (full 1):
 PSYoungGen      total 71680K, used 8067K [0x00000000e0000000, 0x00000000e6f80000, 0x0000000100000000)
  eden space 61440K, 0% used [0x00000000e0000000,0x00000000e0000000,0x00000000e3c00000)
  from space 10240K, 78% used [0x00000000e3c00000,0x00000000e43e0f20,0x00000000e4600000)
  to   space 10240K, 0% used [0x00000000e6580000,0x00000000e6580000,0x00000000e6f80000)
 ParOldGen       total 59904K, used 10352K [0x00000000a0000000, 0x00000000a3a80000, 0x00000000e0000000)
  object space 59904K, 17% used [0x00000000a0000000,0x00000000a0a1c170,0x00000000a3a80000)
 Metaspace       used 29793K, capacity 30248K, committed 30464K, reserved 1075200K
  class space    used 4159K, capacity 4315K, committed 4352K, reserved 1048576K
}
Event: 7.016 GC heap before
{Heap before GC invocations=9 (full 1):
 PSYoungGen      total 71680K, used 47855K [0x00000000e0000000, 0x00000000e6f80000, 0x0000000100000000)
  eden space 61440K, 64% used [0x00000000e0000000,0x00000000e26db0c0,0x00000000e3c00000)
  from space 10240K, 78% used [0x00000000e3c00000,0x00000000e43e0f20,0x00000000e4600000)
  to   space 10240K, 0% used [0x00000000e6580000,0x00000000e6580000,0x00000000e6f80000)
 ParOldGen       total 59904K, used 10352K [0x00000000a0000000, 0x00000000a3a80000, 0x00000000e0000000)
  object space 59904K, 17% used [0x00000000a0000000,0x00000000a0a1c170,0x00000000a3a80000)
 Metaspace       used 34692K, capacity 35378K, committed 35416K, reserved 1079296K
  class space    used 4820K, capacity 5089K, committed 5120K, reserved 1048576K
Event: 7.036 GC heap after
Heap after GC invocations=9 (full 1):
 PSYoungGen      total 102912K, used 10205K [0x00000000e0000000, 0x00000000e7300000, 0x0000000100000000)
  eden space 92672K, 0% used [0x00000000e0000000,0x00000000e0000000,0x00000000e5a80000)
  from space 10240K, 99% used [0x00000000e6580000,0x00000000e6f776f0,0x00000000e6f80000)
  to   space 11264K, 0% used [0x00000000e5a80000,0x00000000e5a80000,0x00000000e6580000)
 ParOldGen       total 59904K, used 10360K [0x00000000a0000000, 0x00000000a3a80000, 0x00000000e0000000)
  object space 59904K, 17% used [0x00000000a0000000,0x00000000a0a1e170,0x00000000a3a80000)
 Metaspace       used 34692K, capacity 35378K, committed 35416K, reserved 1079296K
  class space    used 4820K, capacity 5089K, committed 5120K, reserved 1048576K
}
Event: 7.036 GC heap before
{Heap before GC invocations=10 (full 2):
 PSYoungGen      total 102912K, used 10205K [0x00000000e0000000, 0x00000000e7300000, 0x0000000100000000)
  eden space 92672K, 0% used [0x00000000e0000000,0x00000000e0000000,0x00000000e5a80000)
  from space 10240K, 99% used [0x00000000e6580000,0x00000000e6f776f0,0x00000000e6f80000)
  to   space 11264K, 0% used [0x00000000e5a80000,0x00000000e5a80000,0x00000000e6580000)
 ParOldGen       total 59904K, used 10360K [0x00000000a0000000, 0x00000000a3a80000, 0x00000000e0000000)
  object space 59904K, 17% used [0x00000000a0000000,0x00000000a0a1e170,0x00000000a3a80000)
 Metaspace       used 34692K, capacity 35378K, committed 35416K, reserved 1079296K
  class space    used 4820K, capacity 5089K, committed 5120K, reserved 1048576K
Event: 7.167 GC heap after
Heap after GC invocations=10 (full 2):
 PSYoungGen      total 102912K, used 0K [0x00000000e0000000, 0x00000000e7300000, 0x0000000100000000)
  eden space 92672K, 0% used [0x00000000e0000000,0x00000000e0000000,0x00000000e5a80000)
  from space 10240K, 0% used [0x00000000e6580000,0x00000000e6580000,0x00000000e6f80000)
  to   space 11264K, 0% used [0x00000000e5a80000,0x00000000e5a80000,0x00000000e6580000)
 ParOldGen       total 59904K, used 16646K [0x00000000a0000000, 0x00000000a3a80000, 0x00000000e0000000)
  object space 59904K, 27% used [0x00000000a0000000,0x00000000a10418f8,0x00000000a3a80000)
 Metaspace       used 34692K, capacity 35378K, committed 35416K, reserved 1079296K
  class space    used 4820K, capacity 5089K, committed 5120K, reserved 1048576K
}
Event: 8.466 GC heap before
{Heap before GC invocations=11 (full 2):
 PSYoungGen      total 102912K, used 92672K [0x00000000e0000000, 0x00000000e7300000, 0x0000000100000000)
  eden space 92672K, 100% used [0x00000000e0000000,0x00000000e5a80000,0x00000000e5a80000)
  from space 10240K, 0% used [0x00000000e6580000,0x00000000e6580000,0x00000000e6f80000)
  to   space 11264K, 0% used [0x00000000e5a80000,0x00000000e5a80000,0x00000000e6580000)
 ParOldGen       total 59904K, used 16646K [0x00000000a0000000, 0x00000000a3a80000, 0x00000000e0000000)
  object space 59904K, 27% used [0x00000000a0000000,0x00000000a10418f8,0x00000000a3a80000)
 Metaspace       used 40659K, capacity 41528K, committed 41728K, reserved 1085440K
  class space    used 5495K, capacity 5764K, committed 5888K, reserved 1048576K
Event: 8.486 GC heap after
Heap after GC invocations=11 (full 2):
 PSYoungGen      total 103936K, used 10955K [0x00000000e0000000, 0x00000000e7300000, 0x0000000100000000)
  eden space 92672K, 0% used [0x00000000e0000000,0x00000000e0000000,0x00000000e5a80000)
  from space 11264K, 97% used [0x00000000e5a80000,0x00000000e6532fa8,0x00000000e6580000)
  to   space 10240K, 0% used [0x00000000e6580000,0x00000000e6580000,0x00000000e6f80000)
 ParOldGen       total 59904K, used 16654K [0x00000000a0000000, 0x00000000a3a80000, 0x00000000e0000000)
  object space 59904K, 27% used [0x00000000a0000000,0x00000000a10438f8,0x00000000a3a80000)
 Metaspace       used 40659K, capacity 41528K, committed 41728K, reserved 1085440K
  class space    used 5495K, capacity 5764K, committed 5888K, reserved 1048576K
}

