# JRE version: OpenJDK Runtime Environment (8.0_152-b06) (build 1.8.0_152-release-1136-b06)
# Java VM: OpenJDK 64-Bit Server VM (25.152-b06 mixed mode windows-amd64 compressed oops)
Heap:
 PSYoungGen      total 422400K, used 93952K [0x00000000e0000000, 0x0000000100000000, 0x0000000100000000)
  eden space 377856K, 22% used [0x00000000e0000000,0x00000000e535a610,0x00000000f7100000)
  from space 44544K, 19% used [0x00000000f7100000,0x00000000f7965a28,0x00000000f9c80000)
  to   space 43520K, 0% used [0x00000000fd580000,0x00000000fd580000,0x0000000100000000)
 ParOldGen       total 244224K, used 181736K [0x00000000a0000000, 0x00000000aee80000, 0x00000000e0000000)
  object space 244224K, 74% used [0x00000000a0000000,0x00000000ab17a248,0x00000000aee80000)
 Metaspace       used 66377K, capacity 69028K, committed 69376K, reserved 1110016K
  class space    used 8967K, capacity 9609K, committed 9728K, reserved 1048576K
GC Heap History (10 events):
Event: 29.213 GC heap before
{Heap before GC invocations=15 (full 3):
 PSYoungGen      total 292864K, used 288087K [0x00000000e0000000, 0x00000000f7b80000, 0x0000000100000000)
  eden space 270848K, 100% used [0x00000000e0000000,0x00000000f0880000,0x00000000f0880000)
  from space 22016K, 78% used [0x00000000f0880000,0x00000000f1955ed0,0x00000000f1e00000)
  to   space 23552K, 0% used [0x00000000f6480000,0x00000000f6480000,0x00000000f7b80000)
 ParOldGen       total 119296K, used 39070K [0x00000000a0000000, 0x00000000a7480000, 0x00000000e0000000)
  object space 119296K, 32% used [0x00000000a0000000,0x00000000a2627aa0,0x00000000a7480000)
 Metaspace       used 64284K, capacity 66784K, committed 66944K, reserved 1107968K
  class space    used 8710K, capacity 9317K, committed 9344K, reserved 1048576K
Event: 29.384 GC heap after
Heap after GC invocations=15 (full 3):
 PSYoungGen      total 339968K, used 23541K [0x00000000e0000000, 0x00000000fb800000, 0x0000000100000000)
  eden space 316416K, 0% used [0x00000000e0000000,0x00000000e0000000,0x00000000f3500000)
  from space 23552K, 99% used [0x00000000f6480000,0x00000000f7b7d538,0x00000000f7b80000)
  to   space 48640K, 0% used [0x00000000f3500000,0x00000000f3500000,0x00000000f6480000)
 ParOldGen       total 119296K, used 97494K [0x00000000a0000000, 0x00000000a7480000, 0x00000000e0000000)
  object space 119296K, 81% used [0x00000000a0000000,0x00000000a5f359c8,0x00000000a7480000)
 Metaspace       used 64284K, capacity 66784K, committed 66944K, reserved 1107968K
  class space    used 8710K, capacity 9317K, committed 9344K, reserved 1048576K
}
Event: 29.385 GC heap before
{Heap before GC invocations=16 (full 4):
 PSYoungGen      total 339968K, used 23541K [0x00000000e0000000, 0x00000000fb800000, 0x0000000100000000)
  eden space 316416K, 0% used [0x00000000e0000000,0x00000000e0000000,0x00000000f3500000)
  from space 23552K, 99% used [0x00000000f6480000,0x00000000f7b7d538,0x00000000f7b80000)
  to   space 48640K, 0% used [0x00000000f3500000,0x00000000f3500000,0x00000000f6480000)
 ParOldGen       total 119296K, used 97494K [0x00000000a0000000, 0x00000000a7480000, 0x00000000e0000000)
  object space 119296K, 81% used [0x00000000a0000000,0x00000000a5f359c8,0x00000000a7480000)
 Metaspace       used 64284K, capacity 66784K, committed 66944K, reserved 1107968K
  class space    used 8710K, capacity 9317K, committed 9344K, reserved 1048576K
Event: 30.240 GC heap after
Heap after GC invocations=16 (full 4):
 PSYoungGen      total 339968K, used 0K [0x00000000e0000000, 0x00000000fb800000, 0x0000000100000000)
  eden space 316416K, 0% used [0x00000000e0000000,0x00000000e0000000,0x00000000f3500000)
  from space 23552K, 0% used [0x00000000f6480000,0x00000000f6480000,0x00000000f7b80000)
  to   space 48640K, 0% used [0x00000000f3500000,0x00000000f3500000,0x00000000f6480000)
 ParOldGen       total 244224K, used 117142K [0x00000000a0000000, 0x00000000aee80000, 0x00000000e0000000)
  object space 244224K, 47% used [0x00000000a0000000,0x00000000a7265890,0x00000000aee80000)
 Metaspace       used 64248K, capacity 66684K, committed 66944K, reserved 1107968K
  class space    used 8697K, capacity 9295K, committed 9344K, reserved 1048576K
}
Event: 37.078 GC heap before
{Heap before GC invocations=17 (full 4):
 PSYoungGen      total 339968K, used 316416K [0x00000000e0000000, 0x00000000fb800000, 0x0000000100000000)
  eden space 316416K, 100% used [0x00000000e0000000,0x00000000f3500000,0x00000000f3500000)
  from space 23552K, 0% used [0x00000000f6480000,0x00000000f6480000,0x00000000f7b80000)
  to   space 48640K, 0% used [0x00000000f3500000,0x00000000f3500000,0x00000000f6480000)
 ParOldGen       total 244224K, used 117207K [0x00000000a0000000, 0x00000000aee80000, 0x00000000e0000000)
  object space 244224K, 47% used [0x00000000a0000000,0x00000000a7275e58,0x00000000aee80000)
 Metaspace       used 65900K, capacity 68496K, committed 68736K, reserved 1107968K
  class space    used 8946K, capacity 9595K, committed 9600K, reserved 1048576K
Event: 37.101 GC heap after
Heap after GC invocations=17 (full 4):
 PSYoungGen      total 365056K, used 13004K [0x00000000e0000000, 0x00000000fcc00000, 0x0000000100000000)
  eden space 316416K, 0% used [0x00000000e0000000,0x00000000e0000000,0x00000000f3500000)
  from space 48640K, 26% used [0x00000000f3500000,0x00000000f41b3260,0x00000000f6480000)
  to   space 46592K, 0% used [0x00000000f9e80000,0x00000000f9e80000,0x00000000fcc00000)
 ParOldGen       total 244224K, used 117215K [0x00000000a0000000, 0x00000000aee80000, 0x00000000e0000000)
  object space 244224K, 47% used [0x00000000a0000000,0x00000000a7277e58,0x00000000aee80000)
 Metaspace       used 65900K, capacity 68496K, committed 68736K, reserved 1107968K
  class space    used 8946K, capacity 9595K, committed 9600K, reserved 1048576K
}
Event: 38.066 GC heap before
{Heap before GC invocations=18 (full 4):
 PSYoungGen      total 365056K, used 328826K [0x00000000e0000000, 0x00000000fcc00000, 0x0000000100000000)
  eden space 316416K, 99% used [0x00000000e0000000,0x00000000f346b7e8,0x00000000f3500000)
  from space 48640K, 26% used [0x00000000f3500000,0x00000000f41b3260,0x00000000f6480000)
  to   space 46592K, 0% used [0x00000000f9e80000,0x00000000f9e80000,0x00000000fcc00000)
 ParOldGen       total 244224K, used 181728K [0x00000000a0000000, 0x00000000aee80000, 0x00000000e0000000)
  object space 244224K, 74% used [0x00000000a0000000,0x00000000ab178248,0x00000000aee80000)
 Metaspace       used 66374K, capacity 69028K, committed 69376K, reserved 1110016K
  class space    used 8967K, capacity 9609K, committed 9728K, reserved 1048576K
Event: 38.085 GC heap after
Heap after GC invocations=18 (full 4):
 PSYoungGen      total 420352K, used 12245K [0x00000000e0000000, 0x00000000fc800000, 0x0000000100000000)
  eden space 377856K, 0% used [0x00000000e0000000,0x00000000e0000000,0x00000000f7100000)
  from space 42496K, 28% used [0x00000000f9e80000,0x00000000faa75680,0x00000000fc800000)
  to   space 44544K, 0% used [0x00000000f7100000,0x00000000f7100000,0x00000000f9c80000)
 ParOldGen       total 244224K, used 181736K [0x00000000a0000000, 0x00000000aee80000, 0x00000000e0000000)
  object space 244224K, 74% used [0x00000000a0000000,0x00000000ab17a248,0x00000000aee80000)
 Metaspace       used 66374K, capacity 69028K, committed 69376K, reserved 1110016K
  class space    used 8967K, capacity 9609K, committed 9728K, reserved 1048576K
}
Event: 38.190 GC heap before
{Heap before GC invocations=19 (full 4):
 PSYoungGen      total 420352K, used 389563K [0x00000000e0000000, 0x00000000fc800000, 0x0000000100000000)
  eden space 377856K, 99% used [0x00000000e0000000,0x00000000f7079930,0x00000000f7100000)
  from space 42496K, 28% used [0x00000000f9e80000,0x00000000faa75680,0x00000000fc800000)
  to   space 44544K, 0% used [0x00000000f7100000,0x00000000f7100000,0x00000000f9c80000)
 ParOldGen       total 244224K, used 181736K [0x00000000a0000000, 0x00000000aee80000, 0x00000000e0000000)
  object space 244224K, 74% used [0x00000000a0000000,0x00000000ab17a248,0x00000000aee80000)
 Metaspace       used 66377K, capacity 69028K, committed 69376K, reserved 1110016K
  class space    used 8967K, capacity 9609K, committed 9728K, reserved 1048576K
Event: 38.206 GC heap after
Heap after GC invocations=19 (full 4):
 PSYoungGen      total 422400K, used 8598K [0x00000000e0000000, 0x0000000100000000, 0x0000000100000000)
  eden space 377856K, 0% used [0x00000000e0000000,0x00000000e0000000,0x00000000f7100000)
  from space 44544K, 19% used [0x00000000f7100000,0x00000000f7965a28,0x00000000f9c80000)
  to   space 43520K, 0% used [0x00000000fd580000,0x00000000fd580000,0x0000000100000000)
 ParOldGen       total 244224K, used 181736K [0x00000000a0000000, 0x00000000aee80000, 0x00000000e0000000)
  object space 244224K, 74% used [0x00000000a0000000,0x00000000ab17a248,0x00000000aee80000)
 Metaspace       used 66377K, capacity 69028K, committed 69376K, reserved 1110016K
  class space    used 8967K, capacity 9609K, committed 9728K, reserved 1048576K
}

