# JRE version: OpenJDK Runtime Environment (8.0_152-b06) (build 1.8.0_152-release-1136-b06)
# Java VM: OpenJDK 64-Bit Server VM (25.152-b06 mixed mode windows-amd64 compressed oops)
Heap:
 PSYoungGen      total 95744K, used 39776K [0x00000000e0000000, 0x00000000e8e80000, 0x0000000100000000)
  eden space 79360K, 29% used [0x00000000e0000000,0x00000000e16deb80,0x00000000e4d80000)
  from space 16384K, 99% used [0x00000000e4d80000,0x00000000e5d79528,0x00000000e5d80000)
  to   space 19456K, 0% used [0x00000000e7b80000,0x00000000e7b80000,0x00000000e8e80000)
 ParOldGen       total 101376K, used 25127K [0x00000000a0000000, 0x00000000a6300000, 0x00000000e0000000)
  object space 101376K, 24% used [0x00000000a0000000,0x00000000a1889eb8,0x00000000a6300000)
 Metaspace       used 53593K, capacity 54994K, committed 55296K, reserved 1097728K
  class space    used 7142K, capacity 7569K, committed 7680K, reserved 1048576K
GC Heap History (10 events):
Event: 423.159 GC heap before
{Heap before GC invocations=13 (full 2):
 PSYoungGen      total 73216K, used 62976K [0x00000000e0000000, 0x00000000e5480000, 0x0000000100000000)
  eden space 62976K, 100% used [0x00000000e0000000,0x00000000e3d80000,0x00000000e3d80000)
  from space 10240K, 0% used [0x00000000e4900000,0x00000000e4900000,0x00000000e5300000)
  to   space 11776K, 0% used [0x00000000e3d80000,0x00000000e3d80000,0x00000000e4900000)
 ParOldGen       total 101376K, used 17264K [0x00000000a0000000, 0x00000000a6300000, 0x00000000e0000000)
  object space 101376K, 17% used [0x00000000a0000000,0x00000000a10dc2a0,0x00000000a6300000)
 Metaspace       used 41156K, capacity 42090K, committed 42368K, reserved 1085440K
  class space    used 5573K, capacity 5893K, committed 6016K, reserved 1048576K
Event: 423.168 GC heap after
Heap after GC invocations=13 (full 2):
 PSYoungGen      total 68096K, used 5890K [0x00000000e0000000, 0x00000000e5280000, 0x0000000100000000)
  eden space 61952K, 0% used [0x00000000e0000000,0x00000000e0000000,0x00000000e3c80000)
  from space 6144K, 95% used [0x00000000e3d80000,0x00000000e4340a20,0x00000000e4380000)
  to   space 11264K, 0% used [0x00000000e4780000,0x00000000e4780000,0x00000000e5280000)
 ParOldGen       total 101376K, used 17336K [0x00000000a0000000, 0x00000000a6300000, 0x00000000e0000000)
  object space 101376K, 17% used [0x00000000a0000000,0x00000000a10ee2b0,0x00000000a6300000)
 Metaspace       used 41156K, capacity 42090K, committed 42368K, reserved 1085440K
  class space    used 5573K, capacity 5893K, committed 6016K, reserved 1048576K
}
Event: 424.854 GC heap before
{Heap before GC invocations=14 (full 2):
 PSYoungGen      total 68096K, used 67842K [0x00000000e0000000, 0x00000000e5280000, 0x0000000100000000)
  eden space 61952K, 100% used [0x00000000e0000000,0x00000000e3c80000,0x00000000e3c80000)
  from space 6144K, 95% used [0x00000000e3d80000,0x00000000e4340a20,0x00000000e4380000)
  to   space 11264K, 0% used [0x00000000e4780000,0x00000000e4780000,0x00000000e5280000)
 ParOldGen       total 101376K, used 17336K [0x00000000a0000000, 0x00000000a6300000, 0x00000000e0000000)
  object space 101376K, 17% used [0x00000000a0000000,0x00000000a10ee2b0,0x00000000a6300000)
 Metaspace       used 44092K, capacity 45098K, committed 45312K, reserved 1087488K
  class space    used 5939K, capacity 6275K, committed 6400K, reserved 1048576K
Event: 424.871 GC heap after
Heap after GC invocations=14 (full 2):
 PSYoungGen      total 71168K, used 7849K [0x00000000e0000000, 0x00000000e5180000, 0x0000000100000000)
  eden space 60928K, 0% used [0x00000000e0000000,0x00000000e0000000,0x00000000e3b80000)
  from space 10240K, 76% used [0x00000000e4780000,0x00000000e4f2a5e8,0x00000000e5180000)
  to   space 11264K, 0% used [0x00000000e3b80000,0x00000000e3b80000,0x00000000e4680000)
 ParOldGen       total 101376K, used 17344K [0x00000000a0000000, 0x00000000a6300000, 0x00000000e0000000)
  object space 101376K, 17% used [0x00000000a0000000,0x00000000a10f02b0,0x00000000a6300000)
 Metaspace       used 44092K, capacity 45098K, committed 45312K, reserved 1087488K
  class space    used 5939K, capacity 6275K, committed 6400K, reserved 1048576K
}
Event: 426.315 GC heap before
{Heap before GC invocations=15 (full 2):
 PSYoungGen      total 71168K, used 68777K [0x00000000e0000000, 0x00000000e5180000, 0x0000000100000000)
  eden space 60928K, 100% used [0x00000000e0000000,0x00000000e3b80000,0x00000000e3b80000)
  from space 10240K, 76% used [0x00000000e4780000,0x00000000e4f2a5e8,0x00000000e5180000)
  to   space 11264K, 0% used [0x00000000e3b80000,0x00000000e3b80000,0x00000000e4680000)
 ParOldGen       total 101376K, used 17344K [0x00000000a0000000, 0x00000000a6300000, 0x00000000e0000000)
  object space 101376K, 17% used [0x00000000a0000000,0x00000000a10f02b0,0x00000000a6300000)
 Metaspace       used 47489K, capacity 48616K, committed 48896K, reserved 1091584K
  class space    used 6330K, capacity 6656K, committed 6656K, reserved 1048576K
Event: 426.348 GC heap after
Heap after GC invocations=15 (full 2):
 PSYoungGen      total 72192K, used 11261K [0x00000000e0000000, 0x00000000e6b00000, 0x0000000100000000)
  eden space 60928K, 0% used [0x00000000e0000000,0x00000000e0000000,0x00000000e3b80000)
  from space 11264K, 99% used [0x00000000e3b80000,0x00000000e467f7a0,0x00000000e4680000)
  to   space 13824K, 0% used [0x00000000e5d80000,0x00000000e5d80000,0x00000000e6b00000)
 ParOldGen       total 101376K, used 20503K [0x00000000a0000000, 0x00000000a6300000, 0x00000000e0000000)
  object space 101376K, 20% used [0x00000000a0000000,0x00000000a1405d88,0x00000000a6300000)
 Metaspace       used 47489K, capacity 48616K, committed 48896K, reserved 1091584K
  class space    used 6330K, capacity 6656K, committed 6656K, reserved 1048576K
}
Event: 429.540 GC heap before
{Heap before GC invocations=16 (full 2):
 PSYoungGen      total 72192K, used 72189K [0x00000000e0000000, 0x00000000e6b00000, 0x0000000100000000)
  eden space 60928K, 100% used [0x00000000e0000000,0x00000000e3b80000,0x00000000e3b80000)
  from space 11264K, 99% used [0x00000000e3b80000,0x00000000e467f7a0,0x00000000e4680000)
  to   space 13824K, 0% used [0x00000000e5d80000,0x00000000e5d80000,0x00000000e6b00000)
 ParOldGen       total 101376K, used 20503K [0x00000000a0000000, 0x00000000a6300000, 0x00000000e0000000)
  object space 101376K, 20% used [0x00000000a0000000,0x00000000a1405d88,0x00000000a6300000)
 Metaspace       used 50579K, capacity 51908K, committed 52096K, reserved 1093632K
  class space    used 6819K, capacity 7224K, committed 7296K, reserved 1048576K
Event: 429.571 GC heap after
Heap after GC invocations=16 (full 2):
 PSYoungGen      total 93184K, used 13821K [0x00000000e0000000, 0x00000000e7000000, 0x0000000100000000)
  eden space 79360K, 0% used [0x00000000e0000000,0x00000000e0000000,0x00000000e4d80000)
  from space 13824K, 99% used [0x00000000e5d80000,0x00000000e6aff540,0x00000000e6b00000)
  to   space 16384K, 0% used [0x00000000e4d80000,0x00000000e4d80000,0x00000000e5d80000)
 ParOldGen       total 101376K, used 23562K [0x00000000a0000000, 0x00000000a6300000, 0x00000000e0000000)
  object space 101376K, 23% used [0x00000000a0000000,0x00000000a1702bf0,0x00000000a6300000)
 Metaspace       used 50579K, capacity 51908K, committed 52096K, reserved 1093632K
  class space    used 6819K, capacity 7224K, committed 7296K, reserved 1048576K
}
Event: 431.265 GC heap before
{Heap before GC invocations=17 (full 2):
 PSYoungGen      total 93184K, used 93181K [0x00000000e0000000, 0x00000000e7000000, 0x0000000100000000)
  eden space 79360K, 100% used [0x00000000e0000000,0x00000000e4d80000,0x00000000e4d80000)
  from space 13824K, 99% used [0x00000000e5d80000,0x00000000e6aff540,0x00000000e6b00000)
  to   space 16384K, 0% used [0x00000000e4d80000,0x00000000e4d80000,0x00000000e5d80000)
 ParOldGen       total 101376K, used 23562K [0x00000000a0000000, 0x00000000a6300000, 0x00000000e0000000)
  object space 101376K, 23% used [0x00000000a0000000,0x00000000a1702bf0,0x00000000a6300000)
 Metaspace       used 53521K, capacity 54930K, committed 55296K, reserved 1097728K
  class space    used 7141K, capacity 7569K, committed 7680K, reserved 1048576K
Event: 431.288 GC heap after
Heap after GC invocations=17 (full 2):
 PSYoungGen      total 95744K, used 16357K [0x00000000e0000000, 0x00000000e8e80000, 0x0000000100000000)
  eden space 79360K, 0% used [0x00000000e0000000,0x00000000e0000000,0x00000000e4d80000)
  from space 16384K, 99% used [0x00000000e4d80000,0x00000000e5d79528,0x00000000e5d80000)
  to   space 19456K, 0% used [0x00000000e7b80000,0x00000000e7b80000,0x00000000e8e80000)
 ParOldGen       total 101376K, used 25127K [0x00000000a0000000, 0x00000000a6300000, 0x00000000e0000000)
  object space 101376K, 24% used [0x00000000a0000000,0x00000000a1889eb8,0x00000000a6300000)
 Metaspace       used 53521K, capacity 54930K, committed 55296K, reserved 1097728K
  class space    used 7141K, capacity 7569K, committed 7680K, reserved 1048576K
}

